Mplus VERSION 8.2 (Mac)
MUTHEN & MUTHEN
04/29/2019   9:18 PM

INPUT INSTRUCTIONS

  MONTECARLO:

  NAMES = y1-y10;
  NOBSERVATIONS = 10000;
  NREPS = 5;
  NCSIZES = 1;
  CSIZES = 100(100);

  ANALYSIS:

  TYPE = TWOLEVEL; ESTIMATOR=BAYES; BITERATIONS=(500); PROCESSORS=2;
  MODEL MONTECARLO:
  %WITHIN%
  f BY y1-y10@1 (&1);
  y1-y10@0.01;
  f1 BY y1@1; f2 BY y2@1; f3 BY y3@1; f4 BY y4@1; f5 BY y5@1;
  f6 BY y6@1; f7 BY y7@1; f8 BY y8@1; f9 BY y9@1; f10 BY y10@1;
  f1-f1*1 (1);
  f*0.5;
  f ON f&1*0.3;
  f2-f10 pon f1-f9*0.5 (2);
  f WITH f10@0;
  %BETWEEN%
  fb BY y1-y10@1;
  fb*0.4;
  y1-y10*0.1;
  [y1-y10*0] (3);

  MODEL:
  %WITHIN%
  f BY y1-y10@1 (&1);
  y1-y10@0.01;
  f1 BY y1@1; f2 BY y2@1; f3 BY y3@1; f4 BY y4@1; f5 BY y5@1;
  f6 BY y6@1; f7 BY y7@1; f8 BY y8@1; f9 BY y9@1; f10 BY y10@1;
  f1-f1*1 (1);
  f*0.5;
  f ON f&1*0.3;
  f2-f10 pon f1-f9*0.5 (2);
  f WITH f10@0;
  %BETWEEN%
  fb BY y1-y10@1;
  fb*0.4;
  y1-y10*0.1;
  [y1-y10*0] (3);



INPUT READING TERMINATED NORMALLY




SUMMARY OF ANALYSIS

Number of groups                                                 1
Number of observations                                       10000

Number of replications
    Requested                                                    5
    Completed                                                    5
Value of seed                                                    0

Number of dependent variables                                   10
Number of independent variables                                  0
Number of continuous latent variables                           23

Observed dependent variables

  Continuous
   Y1          Y2          Y3          Y4          Y5          Y6
   Y7          Y8          Y9          Y10

Continuous latent variables
   F           F1          F2          F3          F4          F5
   F6          F7          F8          F9          F10         F&1
   F1&1        F2&1        F3&1        F4&1        F5&1        F6&1
   F7&1        F8&1        F9&1        F10&1       FB


Estimator                                                    BAYES
Specifications for Bayesian Estimation
  Point estimate                                            MEDIAN
  Number of Markov chain Monte Carlo (MCMC) chains               2
  Random seed for the first chain                                0
  Starting value information                           UNPERTURBED
  Algorithm used for Markov chain Monte Carlo           GIBBS(PX1)
  Convergence criterion                                  0.500D-01
  Maximum number of iterations                               50000
  K-th iteration used for thinning                               1


SUMMARY OF DATA FOR THE FIRST REPLICATION

     Cluster information

       Size (s)    Number of clusters of Size s

        100           100





MODEL FIT INFORMATION

Number of Free Parameters                       25

Information Criteria

    Deviance (DIC)

        Mean                           -152395.446
        Std Dev                            219.091
        Number of successful computations        5

             Proportions                   Percentiles
        Expected    Observed         Expected       Observed
           0.990       1.000      -152905.117    -152705.703
           0.980       1.000      -152845.393    -152705.703
           0.950       1.000      -152755.828    -152705.703
           0.900       0.800      -152676.233    -152705.703
           0.800       0.600      -152579.833    -152705.703
           0.700       0.600      -152510.337    -152705.703
           0.500       0.600      -152395.446    -152602.701
           0.300       0.600      -152280.555    -152277.504
           0.200       0.200      -152211.060    -152255.038
           0.100       0.000      -152114.660    -152255.038
           0.050       0.000      -152035.064    -152255.038
           0.020       0.000      -151945.500    -152255.038
           0.010       0.000      -151885.776    -152255.038

    Estimated Number of Parameters (pD)

        Mean                             26680.138
        Std Dev                            568.710
        Number of successful computations        5

             Proportions                   Percentiles
        Expected    Observed         Expected       Observed
           0.990       1.000        25357.149      25797.397
           0.980       1.000        25512.179      25797.397
           0.950       1.000        25744.667      25797.397
           0.900       0.800        25951.280      25797.397
           0.800       0.800        26201.512      25797.397
           0.700       0.800        26381.906      25797.397
           0.500       0.600        26680.138      26446.219
           0.300       0.200        26978.369      26733.648
           0.200       0.200        27158.764      26883.691
           0.100       0.200        27408.996      26883.691
           0.050       0.000        27615.608      26883.691
           0.020       0.000        27848.097      26883.691
           0.010       0.000        28003.127      26883.691



MODEL RESULTS

                              ESTIMATES              S. E.     M. S. E.  95%  % Sig
                 Population   Average   Std. Dev.   Average             Cover Coeff
Within Level

 F        BY
  Y1                  1.000     1.0000     0.0000     0.0000     0.0000 1.000 0.000
  Y2                  1.000     1.0000     0.0000     0.0000     0.0000 1.000 0.000
  Y3                  1.000     1.0000     0.0000     0.0000     0.0000 1.000 0.000
  Y4                  1.000     1.0000     0.0000     0.0000     0.0000 1.000 0.000
  Y5                  1.000     1.0000     0.0000     0.0000     0.0000 1.000 0.000
  Y6                  1.000     1.0000     0.0000     0.0000     0.0000 1.000 0.000
  Y7                  1.000     1.0000     0.0000     0.0000     0.0000 1.000 0.000
  Y8                  1.000     1.0000     0.0000     0.0000     0.0000 1.000 0.000
  Y9                  1.000     1.0000     0.0000     0.0000     0.0000 1.000 0.000
  Y10                 1.000     1.0000     0.0000     0.0000     0.0000 1.000 0.000

 F1       BY
  Y1                  1.000     1.0000     0.0000     0.0000     0.0000 1.000 0.000

 F2       BY
  Y2                  1.000     1.0000     0.0000     0.0000     0.0000 1.000 0.000

 F3       BY
  Y3                  1.000     1.0000     0.0000     0.0000     0.0000 1.000 0.000

 F4       BY
  Y4                  1.000     1.0000     0.0000     0.0000     0.0000 1.000 0.000

 F5       BY
  Y5                  1.000     1.0000     0.0000     0.0000     0.0000 1.000 0.000

 F6       BY
  Y6                  1.000     1.0000     0.0000     0.0000     0.0000 1.000 0.000

 F7       BY
  Y7                  1.000     1.0000     0.0000     0.0000     0.0000 1.000 0.000

 F8       BY
  Y8                  1.000     1.0000     0.0000     0.0000     0.0000 1.000 0.000

 F9       BY
  Y9                  1.000     1.0000     0.0000     0.0000     0.0000 1.000 0.000

 F10      BY
  Y10                 1.000     1.0000     0.0000     0.0000     0.0000 1.000 0.000

 F          ON
  F&1                 0.300     0.3004     0.0114     0.0098     0.0001 1.000 1.000

 F2         ON
  F1                  0.500     0.5002     0.0009     0.0009     0.0000 1.000 1.000

 F3         ON
  F2                  0.500     0.5002     0.0009     0.0009     0.0000 1.000 1.000

 F4         ON
  F3                  0.500     0.5002     0.0009     0.0009     0.0000 1.000 1.000

 F5         ON
  F4                  0.500     0.5002     0.0009     0.0009     0.0000 1.000 1.000

 F6         ON
  F5                  0.500     0.5002     0.0009     0.0009     0.0000 1.000 1.000

 F7         ON
  F6                  0.500     0.5002     0.0009     0.0009     0.0000 1.000 1.000

 F8         ON
  F7                  0.500     0.5002     0.0009     0.0009     0.0000 1.000 1.000

 F9         ON
  F8                  0.500     0.5002     0.0009     0.0009     0.0000 1.000 1.000

 F10        ON
  F9                  0.500     0.5002     0.0009     0.0009     0.0000 1.000 1.000

 F        WITH
  F10                 0.000     0.0000     0.0000     0.0000     0.0000 1.000 0.000

 Variances
  F1                  1.000     1.0067     0.0228     0.0147     0.0005 0.800 1.000

 Residual Variances
  Y1                  0.010     0.0100     0.0000     0.0000     0.0000 1.000 0.000
  Y2                  0.010     0.0100     0.0000     0.0000     0.0000 1.000 0.000
  Y3                  0.010     0.0100     0.0000     0.0000     0.0000 1.000 0.000
  Y4                  0.010     0.0100     0.0000     0.0000     0.0000 1.000 0.000
  Y5                  0.010     0.0100     0.0000     0.0000     0.0000 1.000 0.000
  Y6                  0.010     0.0100     0.0000     0.0000     0.0000 1.000 0.000
  Y7                  0.010     0.0100     0.0000     0.0000     0.0000 1.000 0.000
  Y8                  0.010     0.0100     0.0000     0.0000     0.0000 1.000 0.000
  Y9                  0.010     0.0100     0.0000     0.0000     0.0000 1.000 0.000
  Y10                 0.010     0.0100     0.0000     0.0000     0.0000 1.000 0.000
  F                   0.500     0.4987     0.0113     0.0071     0.0001 0.800 1.000
  F2                  1.000     0.0004     0.0001     0.0001     0.9992 0.000 1.000
  F3                  1.000     0.0003     0.0000     0.0001     0.9995 0.000 1.000
  F4                  1.000     0.0004     0.0001     0.0001     0.9993 0.000 1.000
  F5                  1.000     0.0004     0.0001     0.0001     0.9993 0.000 1.000
  F6                  1.000     0.0004     0.0001     0.0001     0.9992 0.000 1.000
  F7                  1.000     0.0004     0.0002     0.0001     0.9992 0.000 1.000
  F8                  1.000     0.0003     0.0001     0.0001     0.9993 0.000 1.000
  F9                  1.000     0.0003     0.0000     0.0001     0.9994 0.000 1.000
  F10                 1.000     0.0004     0.0001     0.0001     0.9992 0.000 1.000

Between Level

 FB       BY
  Y1                  1.000     1.0000     0.0000     0.0000     0.0000 1.000 0.000
  Y2                  1.000     1.0000     0.0000     0.0000     0.0000 1.000 0.000
  Y3                  1.000     1.0000     0.0000     0.0000     0.0000 1.000 0.000
  Y4                  1.000     1.0000     0.0000     0.0000     0.0000 1.000 0.000
  Y5                  1.000     1.0000     0.0000     0.0000     0.0000 1.000 0.000
  Y6                  1.000     1.0000     0.0000     0.0000     0.0000 1.000 0.000
  Y7                  1.000     1.0000     0.0000     0.0000     0.0000 1.000 0.000
  Y8                  1.000     1.0000     0.0000     0.0000     0.0000 1.000 0.000
  Y9                  1.000     1.0000     0.0000     0.0000     0.0000 1.000 0.000
  Y10                 1.000     1.0000     0.0000     0.0000     0.0000 1.000 0.000

 Intercepts
  Y1                  0.000     0.0473     0.1122     0.0547     0.0123 0.800 0.200
  Y2                  0.000     0.0473     0.1122     0.0547     0.0123 0.800 0.200
  Y3                  0.000     0.0473     0.1122     0.0547     0.0123 0.800 0.200
  Y4                  0.000     0.0473     0.1122     0.0547     0.0123 0.800 0.200
  Y5                  0.000     0.0473     0.1122     0.0547     0.0123 0.800 0.200
  Y6                  0.000     0.0473     0.1122     0.0547     0.0123 0.800 0.200
  Y7                  0.000     0.0473     0.1122     0.0547     0.0123 0.800 0.200
  Y8                  0.000     0.0473     0.1122     0.0547     0.0123 0.800 0.200
  Y9                  0.000     0.0473     0.1122     0.0547     0.0123 0.800 0.200
  Y10                 0.000     0.0473     0.1122     0.0547     0.0123 0.800 0.200

 Variances
  FB                  0.400     0.4066     0.0436     0.0616     0.0016 1.000 1.000

 Residual Variances
  Y1                  0.100     0.1184     0.0218     0.0196     0.0007 0.800 1.000
  Y2                  0.100     0.0982     0.0074     0.0164     0.0000 1.000 1.000
  Y3                  0.100     0.1040     0.0156     0.0173     0.0002 1.000 1.000
  Y4                  0.100     0.1029     0.0140     0.0165     0.0002 1.000 1.000
  Y5                  0.100     0.1018     0.0129     0.0169     0.0001 1.000 1.000
  Y6                  0.100     0.0910     0.0204     0.0151     0.0004 0.800 1.000
  Y7                  0.100     0.1092     0.0148     0.0181     0.0003 1.000 1.000
  Y8                  0.100     0.1049     0.0105     0.0168     0.0001 1.000 1.000
  Y9                  0.100     0.0927     0.0106     0.0152     0.0001 1.000 1.000
  Y10                 0.100     0.1017     0.0145     0.0166     0.0002 1.000 1.000


CORRELATIONS AND MEAN SQUARE ERROR OF THE TRUE FACTOR VALUES AND THE FACTOR SCORES

                        CORRELATIONS                MEAN SQUARE ERROR
                    Average    Std. Dev.           Average    Std. Dev.
  FB                  0.969       0.005              0.170       0.028
  Y1                  0.976       0.003              0.151       0.003
  Y2                  0.985       0.001              0.121       0.005
  Y3                  0.987       0.002              0.112       0.008
  Y4                  0.987       0.003              0.110       0.008
  Y5                  0.988       0.002              0.109       0.009
  Y6                  0.988       0.003              0.110       0.008
  Y7                  0.988       0.002              0.109       0.009
  Y8                  0.987       0.003              0.109       0.009
  Y9                  0.988       0.003              0.109       0.009
  Y10                 0.988       0.003              0.109       0.010


TECHNICAL 1 OUTPUT


     PARAMETER SPECIFICATION FOR WITHIN


           NU
              Y1            Y2            Y3            Y4            Y5
              ________      ________      ________      ________      ________
                    0             0             0             0             0


           NU
              Y6            Y7            Y8            Y9            Y10
              ________      ________      ________      ________      ________
                    0             0             0             0             0


           LAMBDA
              F             F1            F2            F3            F4
              ________      ________      ________      ________      ________
 Y1                 0             0             0             0             0
 Y2                 0             0             0             0             0
 Y3                 0             0             0             0             0
 Y4                 0             0             0             0             0
 Y5                 0             0             0             0             0
 Y6                 0             0             0             0             0
 Y7                 0             0             0             0             0
 Y8                 0             0             0             0             0
 Y9                 0             0             0             0             0
 Y10                0             0             0             0             0


           LAMBDA
              F5            F6            F7            F8            F9
              ________      ________      ________      ________      ________
 Y1                 0             0             0             0             0
 Y2                 0             0             0             0             0
 Y3                 0             0             0             0             0
 Y4                 0             0             0             0             0
 Y5                 0             0             0             0             0
 Y6                 0             0             0             0             0
 Y7                 0             0             0             0             0
 Y8                 0             0             0             0             0
 Y9                 0             0             0             0             0
 Y10                0             0             0             0             0


           LAMBDA
              F10           F&1           F1&1          F2&1          F3&1
              ________      ________      ________      ________      ________
 Y1                 0             0             0             0             0
 Y2                 0             0             0             0             0
 Y3                 0             0             0             0             0
 Y4                 0             0             0             0             0
 Y5                 0             0             0             0             0
 Y6                 0             0             0             0             0
 Y7                 0             0             0             0             0
 Y8                 0             0             0             0             0
 Y9                 0             0             0             0             0
 Y10                0             0             0             0             0


           LAMBDA
              F4&1          F5&1          F6&1          F7&1          F8&1
              ________      ________      ________      ________      ________
 Y1                 0             0             0             0             0
 Y2                 0             0             0             0             0
 Y3                 0             0             0             0             0
 Y4                 0             0             0             0             0
 Y5                 0             0             0             0             0
 Y6                 0             0             0             0             0
 Y7                 0             0             0             0             0
 Y8                 0             0             0             0             0
 Y9                 0             0             0             0             0
 Y10                0             0             0             0             0


           LAMBDA
              F9&1          F10&1
              ________      ________
 Y1                 0             0
 Y2                 0             0
 Y3                 0             0
 Y4                 0             0
 Y5                 0             0
 Y6                 0             0
 Y7                 0             0
 Y8                 0             0
 Y9                 0             0
 Y10                0             0


           THETA
              Y1            Y2            Y3            Y4            Y5
              ________      ________      ________      ________      ________
 Y1                 0
 Y2                 0             0
 Y3                 0             0             0
 Y4                 0             0             0             0
 Y5                 0             0             0             0             0
 Y6                 0             0             0             0             0
 Y7                 0             0             0             0             0
 Y8                 0             0             0             0             0
 Y9                 0             0             0             0             0
 Y10                0             0             0             0             0


           THETA
              Y6            Y7            Y8            Y9            Y10
              ________      ________      ________      ________      ________
 Y6                 0
 Y7                 0             0
 Y8                 0             0             0
 Y9                 0             0             0             0
 Y10                0             0             0             0             0


           ALPHA
              F             F1            F2            F3            F4
              ________      ________      ________      ________      ________
                    0             0             0             0             0


           ALPHA
              F5            F6            F7            F8            F9
              ________      ________      ________      ________      ________
                    0             0             0             0             0


           ALPHA
              F10           F&1           F1&1          F2&1          F3&1
              ________      ________      ________      ________      ________
                    0             0             0             0             0


           ALPHA
              F4&1          F5&1          F6&1          F7&1          F8&1
              ________      ________      ________      ________      ________
                    0             0             0             0             0


           ALPHA
              F9&1          F10&1
              ________      ________
                    0             0


           BETA
              F             F1            F2            F3            F4
              ________      ________      ________      ________      ________
 F                  0             0             0             0             0
 F1                 0             0             0             0             0
 F2                 0             2             0             0             0
 F3                 0             0             2             0             0
 F4                 0             0             0             2             0
 F5                 0             0             0             0             2
 F6                 0             0             0             0             0
 F7                 0             0             0             0             0
 F8                 0             0             0             0             0
 F9                 0             0             0             0             0
 F10                0             0             0             0             0
 F&1                0             0             0             0             0
 F1&1               0             0             0             0             0
 F2&1               0             0             0             0             0
 F3&1               0             0             0             0             0
 F4&1               0             0             0             0             0
 F5&1               0             0             0             0             0
 F6&1               0             0             0             0             0
 F7&1               0             0             0             0             0
 F8&1               0             0             0             0             0
 F9&1               0             0             0             0             0
 F10&1              0             0             0             0             0


           BETA
              F5            F6            F7            F8            F9
              ________      ________      ________      ________      ________
 F                  0             0             0             0             0
 F1                 0             0             0             0             0
 F2                 0             0             0             0             0
 F3                 0             0             0             0             0
 F4                 0             0             0             0             0
 F5                 0             0             0             0             0
 F6                 2             0             0             0             0
 F7                 0             2             0             0             0
 F8                 0             0             2             0             0
 F9                 0             0             0             2             0
 F10                0             0             0             0             2
 F&1                0             0             0             0             0
 F1&1               0             0             0             0             0
 F2&1               0             0             0             0             0
 F3&1               0             0             0             0             0
 F4&1               0             0             0             0             0
 F5&1               0             0             0             0             0
 F6&1               0             0             0             0             0
 F7&1               0             0             0             0             0
 F8&1               0             0             0             0             0
 F9&1               0             0             0             0             0
 F10&1              0             0             0             0             0


           BETA
              F10           F&1           F1&1          F2&1          F3&1
              ________      ________      ________      ________      ________
 F                  0             1             0             0             0
 F1                 0             0             0             0             0
 F2                 0             0             0             0             0
 F3                 0             0             0             0             0
 F4                 0             0             0             0             0
 F5                 0             0             0             0             0
 F6                 0             0             0             0             0
 F7                 0             0             0             0             0
 F8                 0             0             0             0             0
 F9                 0             0             0             0             0
 F10                0             0             0             0             0
 F&1                0             0             0             0             0
 F1&1               0             0             0             0             0
 F2&1               0             0             0             0             0
 F3&1               0             0             0             0             0
 F4&1               0             0             0             0             0
 F5&1               0             0             0             0             0
 F6&1               0             0             0             0             0
 F7&1               0             0             0             0             0
 F8&1               0             0             0             0             0
 F9&1               0             0             0             0             0
 F10&1              0             0             0             0             0


           BETA
              F4&1          F5&1          F6&1          F7&1          F8&1
              ________      ________      ________      ________      ________
 F                  0             0             0             0             0
 F1                 0             0             0             0             0
 F2                 0             0             0             0             0
 F3                 0             0             0             0             0
 F4                 0             0             0             0             0
 F5                 0             0             0             0             0
 F6                 0             0             0             0             0
 F7                 0             0             0             0             0
 F8                 0             0             0             0             0
 F9                 0             0             0             0             0
 F10                0             0             0             0             0
 F&1                0             0             0             0             0
 F1&1               0             0             0             0             0
 F2&1               0             0             0             0             0
 F3&1               0             0             0             0             0
 F4&1               0             0             0             0             0
 F5&1               0             0             0             0             0
 F6&1               0             0             0             0             0
 F7&1               0             0             0             0             0
 F8&1               0             0             0             0             0
 F9&1               0             0             0             0             0
 F10&1              0             0             0             0             0


           BETA
              F9&1          F10&1
              ________      ________
 F                  0             0
 F1                 0             0
 F2                 0             0
 F3                 0             0
 F4                 0             0
 F5                 0             0
 F6                 0             0
 F7                 0             0
 F8                 0             0
 F9                 0             0
 F10                0             0
 F&1                0             0
 F1&1               0             0
 F2&1               0             0
 F3&1               0             0
 F4&1               0             0
 F5&1               0             0
 F6&1               0             0
 F7&1               0             0
 F8&1               0             0
 F9&1               0             0
 F10&1              0             0


           PSI
              F             F1            F2            F3            F4
              ________      ________      ________      ________      ________
 F                  3
 F1                 0             4
 F2                 0             0             5
 F3                 0             0             0             6
 F4                 0             0             0             0             7
 F5                 0             0             0             0             0
 F6                 0             0             0             0             0
 F7                 0             0             0             0             0
 F8                 0             0             0             0             0
 F9                 0             0             0             0             0
 F10                0             0             0             0             0
 F&1                0             0             0             0             0
 F1&1               0             0             0             0             0
 F2&1               0             0             0             0             0
 F3&1               0             0             0             0             0
 F4&1               0             0             0             0             0
 F5&1               0             0             0             0             0
 F6&1               0             0             0             0             0
 F7&1               0             0             0             0             0
 F8&1               0             0             0             0             0
 F9&1               0             0             0             0             0
 F10&1              0             0             0             0             0


           PSI
              F5            F6            F7            F8            F9
              ________      ________      ________      ________      ________
 F5                 8
 F6                 0             9
 F7                 0             0            10
 F8                 0             0             0            11
 F9                 0             0             0             0            12
 F10                0             0             0             0             0
 F&1                0             0             0             0             0
 F1&1               0             0             0             0             0
 F2&1               0             0             0             0             0
 F3&1               0             0             0             0             0
 F4&1               0             0             0             0             0
 F5&1               0             0             0             0             0
 F6&1               0             0             0             0             0
 F7&1               0             0             0             0             0
 F8&1               0             0             0             0             0
 F9&1               0             0             0             0             0
 F10&1              0             0             0             0             0


           PSI
              F10           F&1           F1&1          F2&1          F3&1
              ________      ________      ________      ________      ________
 F10               13
 F&1                0             0
 F1&1               0             0             0
 F2&1               0             0             0             0
 F3&1               0             0             0             0             0
 F4&1               0             0             0             0             0
 F5&1               0             0             0             0             0
 F6&1               0             0             0             0             0
 F7&1               0             0             0             0             0
 F8&1               0             0             0             0             0
 F9&1               0             0             0             0             0
 F10&1              0             0             0             0             0


           PSI
              F4&1          F5&1          F6&1          F7&1          F8&1
              ________      ________      ________      ________      ________
 F4&1               0
 F5&1               0             0
 F6&1               0             0             0
 F7&1               0             0             0             0
 F8&1               0             0             0             0             0
 F9&1               0             0             0             0             0
 F10&1              0             0             0             0             0


           PSI
              F9&1          F10&1
              ________      ________
 F9&1               0
 F10&1              0             0


     PARAMETER SPECIFICATION FOR BETWEEN


           NU
              Y1            Y2            Y3            Y4            Y5
              ________      ________      ________      ________      ________
                   14            14            14            14            14


           NU
              Y6            Y7            Y8            Y9            Y10
              ________      ________      ________      ________      ________
                   14            14            14            14            14


           LAMBDA
              FB
              ________
 Y1                 0
 Y2                 0
 Y3                 0
 Y4                 0
 Y5                 0
 Y6                 0
 Y7                 0
 Y8                 0
 Y9                 0
 Y10                0


           THETA
              Y1            Y2            Y3            Y4            Y5
              ________      ________      ________      ________      ________
 Y1                15
 Y2                 0            16
 Y3                 0             0            17
 Y4                 0             0             0            18
 Y5                 0             0             0             0            19
 Y6                 0             0             0             0             0
 Y7                 0             0             0             0             0
 Y8                 0             0             0             0             0
 Y9                 0             0             0             0             0
 Y10                0             0             0             0             0


           THETA
              Y6            Y7            Y8            Y9            Y10
              ________      ________      ________      ________      ________
 Y6                20
 Y7                 0            21
 Y8                 0             0            22
 Y9                 0             0             0            23
 Y10                0             0             0             0            24


           ALPHA
              FB
              ________
                    0


           BETA
              FB
              ________
 FB                 0


           PSI
              FB
              ________
 FB                25


     STARTING VALUES FOR WITHIN


           NU
              Y1            Y2            Y3            Y4            Y5
              ________      ________      ________      ________      ________
                0.000         0.000         0.000         0.000         0.000


           NU
              Y6            Y7            Y8            Y9            Y10
              ________      ________      ________      ________      ________
                0.000         0.000         0.000         0.000         0.000


           LAMBDA
              F             F1            F2            F3            F4
              ________      ________      ________      ________      ________
 Y1             1.000         1.000         0.000         0.000         0.000
 Y2             1.000         0.000         1.000         0.000         0.000
 Y3             1.000         0.000         0.000         1.000         0.000
 Y4             1.000         0.000         0.000         0.000         1.000
 Y5             1.000         0.000         0.000         0.000         0.000
 Y6             1.000         0.000         0.000         0.000         0.000
 Y7             1.000         0.000         0.000         0.000         0.000
 Y8             1.000         0.000         0.000         0.000         0.000
 Y9             1.000         0.000         0.000         0.000         0.000
 Y10            1.000         0.000         0.000         0.000         0.000


           LAMBDA
              F5            F6            F7            F8            F9
              ________      ________      ________      ________      ________
 Y1             0.000         0.000         0.000         0.000         0.000
 Y2             0.000         0.000         0.000         0.000         0.000
 Y3             0.000         0.000         0.000         0.000         0.000
 Y4             0.000         0.000         0.000         0.000         0.000
 Y5             1.000         0.000         0.000         0.000         0.000
 Y6             0.000         1.000         0.000         0.000         0.000
 Y7             0.000         0.000         1.000         0.000         0.000
 Y8             0.000         0.000         0.000         1.000         0.000
 Y9             0.000         0.000         0.000         0.000         1.000
 Y10            0.000         0.000         0.000         0.000         0.000


           LAMBDA
              F10           F&1           F1&1          F2&1          F3&1
              ________      ________      ________      ________      ________
 Y1             0.000         0.000         0.000         0.000         0.000
 Y2             0.000         0.000         0.000         0.000         0.000
 Y3             0.000         0.000         0.000         0.000         0.000
 Y4             0.000         0.000         0.000         0.000         0.000
 Y5             0.000         0.000         0.000         0.000         0.000
 Y6             0.000         0.000         0.000         0.000         0.000
 Y7             0.000         0.000         0.000         0.000         0.000
 Y8             0.000         0.000         0.000         0.000         0.000
 Y9             0.000         0.000         0.000         0.000         0.000
 Y10            1.000         0.000         0.000         0.000         0.000


           LAMBDA
              F4&1          F5&1          F6&1          F7&1          F8&1
              ________      ________      ________      ________      ________
 Y1             0.000         0.000         0.000         0.000         0.000
 Y2             0.000         0.000         0.000         0.000         0.000
 Y3             0.000         0.000         0.000         0.000         0.000
 Y4             0.000         0.000         0.000         0.000         0.000
 Y5             0.000         0.000         0.000         0.000         0.000
 Y6             0.000         0.000         0.000         0.000         0.000
 Y7             0.000         0.000         0.000         0.000         0.000
 Y8             0.000         0.000         0.000         0.000         0.000
 Y9             0.000         0.000         0.000         0.000         0.000
 Y10            0.000         0.000         0.000         0.000         0.000


           LAMBDA
              F9&1          F10&1
              ________      ________
 Y1             0.000         0.000
 Y2             0.000         0.000
 Y3             0.000         0.000
 Y4             0.000         0.000
 Y5             0.000         0.000
 Y6             0.000         0.000
 Y7             0.000         0.000
 Y8             0.000         0.000
 Y9             0.000         0.000
 Y10            0.000         0.000


           THETA
              Y1            Y2            Y3            Y4            Y5
              ________      ________      ________      ________      ________
 Y1             0.010
 Y2             0.000         0.010
 Y3             0.000         0.000         0.010
 Y4             0.000         0.000         0.000         0.010
 Y5             0.000         0.000         0.000         0.000         0.010
 Y6             0.000         0.000         0.000         0.000         0.000
 Y7             0.000         0.000         0.000         0.000         0.000
 Y8             0.000         0.000         0.000         0.000         0.000
 Y9             0.000         0.000         0.000         0.000         0.000
 Y10            0.000         0.000         0.000         0.000         0.000


           THETA
              Y6            Y7            Y8            Y9            Y10
              ________      ________      ________      ________      ________
 Y6             0.010
 Y7             0.000         0.010
 Y8             0.000         0.000         0.010
 Y9             0.000         0.000         0.000         0.010
 Y10            0.000         0.000         0.000         0.000         0.010


           ALPHA
              F             F1            F2            F3            F4
              ________      ________      ________      ________      ________
                0.000         0.000         0.000         0.000         0.000


           ALPHA
              F5            F6            F7            F8            F9
              ________      ________      ________      ________      ________
                0.000         0.000         0.000         0.000         0.000


           ALPHA
              F10           F&1           F1&1          F2&1          F3&1
              ________      ________      ________      ________      ________
                0.000         0.000         0.000         0.000         0.000


           ALPHA
              F4&1          F5&1          F6&1          F7&1          F8&1
              ________      ________      ________      ________      ________
                0.000         0.000         0.000         0.000         0.000


           ALPHA
              F9&1          F10&1
              ________      ________
                0.000         0.000


           BETA
              F             F1            F2            F3            F4
              ________      ________      ________      ________      ________
 F              0.000         0.000         0.000         0.000         0.000
 F1             0.000         0.000         0.000         0.000         0.000
 F2             0.000         0.500         0.000         0.000         0.000
 F3             0.000         0.000         0.500         0.000         0.000
 F4             0.000         0.000         0.000         0.500         0.000
 F5             0.000         0.000         0.000         0.000         0.500
 F6             0.000         0.000         0.000         0.000         0.000
 F7             0.000         0.000         0.000         0.000         0.000
 F8             0.000         0.000         0.000         0.000         0.000
 F9             0.000         0.000         0.000         0.000         0.000
 F10            0.000         0.000         0.000         0.000         0.000
 F&1            0.000         0.000         0.000         0.000         0.000
 F1&1           0.000         0.000         0.000         0.000         0.000
 F2&1           0.000         0.000         0.000         0.000         0.000
 F3&1           0.000         0.000         0.000         0.000         0.000
 F4&1           0.000         0.000         0.000         0.000         0.000
 F5&1           0.000         0.000         0.000         0.000         0.000
 F6&1           0.000         0.000         0.000         0.000         0.000
 F7&1           0.000         0.000         0.000         0.000         0.000
 F8&1           0.000         0.000         0.000         0.000         0.000
 F9&1           0.000         0.000         0.000         0.000         0.000
 F10&1          0.000         0.000         0.000         0.000         0.000


           BETA
              F5            F6            F7            F8            F9
              ________      ________      ________      ________      ________
 F              0.000         0.000         0.000         0.000         0.000
 F1             0.000         0.000         0.000         0.000         0.000
 F2             0.000         0.000         0.000         0.000         0.000
 F3             0.000         0.000         0.000         0.000         0.000
 F4             0.000         0.000         0.000         0.000         0.000
 F5             0.000         0.000         0.000         0.000         0.000
 F6             0.500         0.000         0.000         0.000         0.000
 F7             0.000         0.500         0.000         0.000         0.000
 F8             0.000         0.000         0.500         0.000         0.000
 F9             0.000         0.000         0.000         0.500         0.000
 F10            0.000         0.000         0.000         0.000         0.500
 F&1            0.000         0.000         0.000         0.000         0.000
 F1&1           0.000         0.000         0.000         0.000         0.000
 F2&1           0.000         0.000         0.000         0.000         0.000
 F3&1           0.000         0.000         0.000         0.000         0.000
 F4&1           0.000         0.000         0.000         0.000         0.000
 F5&1           0.000         0.000         0.000         0.000         0.000
 F6&1           0.000         0.000         0.000         0.000         0.000
 F7&1           0.000         0.000         0.000         0.000         0.000
 F8&1           0.000         0.000         0.000         0.000         0.000
 F9&1           0.000         0.000         0.000         0.000         0.000
 F10&1          0.000         0.000         0.000         0.000         0.000


           BETA
              F10           F&1           F1&1          F2&1          F3&1
              ________      ________      ________      ________      ________
 F              0.000         0.300         0.000         0.000         0.000
 F1             0.000         0.000         0.000         0.000         0.000
 F2             0.000         0.000         0.000         0.000         0.000
 F3             0.000         0.000         0.000         0.000         0.000
 F4             0.000         0.000         0.000         0.000         0.000
 F5             0.000         0.000         0.000         0.000         0.000
 F6             0.000         0.000         0.000         0.000         0.000
 F7             0.000         0.000         0.000         0.000         0.000
 F8             0.000         0.000         0.000         0.000         0.000
 F9             0.000         0.000         0.000         0.000         0.000
 F10            0.000         0.000         0.000         0.000         0.000
 F&1            0.000         0.000         0.000         0.000         0.000
 F1&1           0.000         0.000         0.000         0.000         0.000
 F2&1           0.000         0.000         0.000         0.000         0.000
 F3&1           0.000         0.000         0.000         0.000         0.000
 F4&1           0.000         0.000         0.000         0.000         0.000
 F5&1           0.000         0.000         0.000         0.000         0.000
 F6&1           0.000         0.000         0.000         0.000         0.000
 F7&1           0.000         0.000         0.000         0.000         0.000
 F8&1           0.000         0.000         0.000         0.000         0.000
 F9&1           0.000         0.000         0.000         0.000         0.000
 F10&1          0.000         0.000         0.000         0.000         0.000


           BETA
              F4&1          F5&1          F6&1          F7&1          F8&1
              ________      ________      ________      ________      ________
 F              0.000         0.000         0.000         0.000         0.000
 F1             0.000         0.000         0.000         0.000         0.000
 F2             0.000         0.000         0.000         0.000         0.000
 F3             0.000         0.000         0.000         0.000         0.000
 F4             0.000         0.000         0.000         0.000         0.000
 F5             0.000         0.000         0.000         0.000         0.000
 F6             0.000         0.000         0.000         0.000         0.000
 F7             0.000         0.000         0.000         0.000         0.000
 F8             0.000         0.000         0.000         0.000         0.000
 F9             0.000         0.000         0.000         0.000         0.000
 F10            0.000         0.000         0.000         0.000         0.000
 F&1            0.000         0.000         0.000         0.000         0.000
 F1&1           0.000         0.000         0.000         0.000         0.000
 F2&1           0.000         0.000         0.000         0.000         0.000
 F3&1           0.000         0.000         0.000         0.000         0.000
 F4&1           0.000         0.000         0.000         0.000         0.000
 F5&1           0.000         0.000         0.000         0.000         0.000
 F6&1           0.000         0.000         0.000         0.000         0.000
 F7&1           0.000         0.000         0.000         0.000         0.000
 F8&1           0.000         0.000         0.000         0.000         0.000
 F9&1           0.000         0.000         0.000         0.000         0.000
 F10&1          0.000         0.000         0.000         0.000         0.000


           BETA
              F9&1          F10&1
              ________      ________
 F              0.000         0.000
 F1             0.000         0.000
 F2             0.000         0.000
 F3             0.000         0.000
 F4             0.000         0.000
 F5             0.000         0.000
 F6             0.000         0.000
 F7             0.000         0.000
 F8             0.000         0.000
 F9             0.000         0.000
 F10            0.000         0.000
 F&1            0.000         0.000
 F1&1           0.000         0.000
 F2&1           0.000         0.000
 F3&1           0.000         0.000
 F4&1           0.000         0.000
 F5&1           0.000         0.000
 F6&1           0.000         0.000
 F7&1           0.000         0.000
 F8&1           0.000         0.000
 F9&1           0.000         0.000
 F10&1          0.000         0.000


           PSI
              F             F1            F2            F3            F4
              ________      ________      ________      ________      ________
 F              0.500
 F1             0.000         1.000
 F2             0.000         0.000         1.000
 F3             0.000         0.000         0.000         1.000
 F4             0.000         0.000         0.000         0.000         1.000
 F5             0.000         0.000         0.000         0.000         0.000
 F6             0.000         0.000         0.000         0.000         0.000
 F7             0.000         0.000         0.000         0.000         0.000
 F8             0.000         0.000         0.000         0.000         0.000
 F9             0.000         0.000         0.000         0.000         0.000
 F10            0.000         0.000         0.000         0.000         0.000
 F&1            0.000         0.000         0.000         0.000         0.000
 F1&1           0.000         0.000         0.000         0.000         0.000
 F2&1           0.000         0.000         0.000         0.000         0.000
 F3&1           0.000         0.000         0.000         0.000         0.000
 F4&1           0.000         0.000         0.000         0.000         0.000
 F5&1           0.000         0.000         0.000         0.000         0.000
 F6&1           0.000         0.000         0.000         0.000         0.000
 F7&1           0.000         0.000         0.000         0.000         0.000
 F8&1           0.000         0.000         0.000         0.000         0.000
 F9&1           0.000         0.000         0.000         0.000         0.000
 F10&1          0.000         0.000         0.000         0.000         0.000


           PSI
              F5            F6            F7            F8            F9
              ________      ________      ________      ________      ________
 F5             1.000
 F6             0.000         1.000
 F7             0.000         0.000         1.000
 F8             0.000         0.000         0.000         1.000
 F9             0.000         0.000         0.000         0.000         1.000
 F10            0.000         0.000         0.000         0.000         0.000
 F&1            0.000         0.000         0.000         0.000         0.000
 F1&1           0.000         0.000         0.000         0.000         0.000
 F2&1           0.000         0.000         0.000         0.000         0.000
 F3&1           0.000         0.000         0.000         0.000         0.000
 F4&1           0.000         0.000         0.000         0.000         0.000
 F5&1           0.000         0.000         0.000         0.000         0.000
 F6&1           0.000         0.000         0.000         0.000         0.000
 F7&1           0.000         0.000         0.000         0.000         0.000
 F8&1           0.000         0.000         0.000         0.000         0.000
 F9&1           0.000         0.000         0.000         0.000         0.000
 F10&1          0.000         0.000         0.000         0.000         0.000


           PSI
              F10           F&1           F1&1          F2&1          F3&1
              ________      ________      ________      ________      ________
 F10            1.000
 F&1            0.000         1.000
 F1&1           0.000         0.000         1.000
 F2&1           0.000         0.000         0.000         1.000
 F3&1           0.000         0.000         0.000         0.000         1.000
 F4&1           0.000         0.000         0.000         0.000         0.000
 F5&1           0.000         0.000         0.000         0.000         0.000
 F6&1           0.000         0.000         0.000         0.000         0.000
 F7&1           0.000         0.000         0.000         0.000         0.000
 F8&1           0.000         0.000         0.000         0.000         0.000
 F9&1           0.000         0.000         0.000         0.000         0.000
 F10&1          0.000         0.000         0.000         0.000         0.000


           PSI
              F4&1          F5&1          F6&1          F7&1          F8&1
              ________      ________      ________      ________      ________
 F4&1           1.000
 F5&1           0.000         1.000
 F6&1           0.000         0.000         1.000
 F7&1           0.000         0.000         0.000         1.000
 F8&1           0.000         0.000         0.000         0.000         1.000
 F9&1           0.000         0.000         0.000         0.000         0.000
 F10&1          0.000         0.000         0.000         0.000         0.000


           PSI
              F9&1          F10&1
              ________      ________
 F9&1           1.000
 F10&1          0.000         1.000


     STARTING VALUES FOR BETWEEN


           NU
              Y1            Y2            Y3            Y4            Y5
              ________      ________      ________      ________      ________
                0.000         0.000         0.000         0.000         0.000


           NU
              Y6            Y7            Y8            Y9            Y10
              ________      ________      ________      ________      ________
                0.000         0.000         0.000         0.000         0.000


           LAMBDA
              FB
              ________
 Y1             1.000
 Y2             1.000
 Y3             1.000
 Y4             1.000
 Y5             1.000
 Y6             1.000
 Y7             1.000
 Y8             1.000
 Y9             1.000
 Y10            1.000


           THETA
              Y1            Y2            Y3            Y4            Y5
              ________      ________      ________      ________      ________
 Y1             0.100
 Y2             0.000         0.100
 Y3             0.000         0.000         0.100
 Y4             0.000         0.000         0.000         0.100
 Y5             0.000         0.000         0.000         0.000         0.100
 Y6             0.000         0.000         0.000         0.000         0.000
 Y7             0.000         0.000         0.000         0.000         0.000
 Y8             0.000         0.000         0.000         0.000         0.000
 Y9             0.000         0.000         0.000         0.000         0.000
 Y10            0.000         0.000         0.000         0.000         0.000


           THETA
              Y6            Y7            Y8            Y9            Y10
              ________      ________      ________      ________      ________
 Y6             0.100
 Y7             0.000         0.100
 Y8             0.000         0.000         0.100
 Y9             0.000         0.000         0.000         0.100
 Y10            0.000         0.000         0.000         0.000         0.100


           ALPHA
              FB
              ________
                0.000


           BETA
              FB
              ________
 FB             0.000


           PSI
              FB
              ________
 FB             0.400


     POPULATION VALUES FOR WITHIN


           NU
              Y1            Y2            Y3            Y4            Y5
              ________      ________      ________      ________      ________
                0.000         0.000         0.000         0.000         0.000


           NU
              Y6            Y7            Y8            Y9            Y10
              ________      ________      ________      ________      ________
                0.000         0.000         0.000         0.000         0.000


           LAMBDA
              F             F1            F2            F3            F4
              ________      ________      ________      ________      ________
 Y1             1.000         1.000         0.000         0.000         0.000
 Y2             1.000         0.000         1.000         0.000         0.000
 Y3             1.000         0.000         0.000         1.000         0.000
 Y4             1.000         0.000         0.000         0.000         1.000
 Y5             1.000         0.000         0.000         0.000         0.000
 Y6             1.000         0.000         0.000         0.000         0.000
 Y7             1.000         0.000         0.000         0.000         0.000
 Y8             1.000         0.000         0.000         0.000         0.000
 Y9             1.000         0.000         0.000         0.000         0.000
 Y10            1.000         0.000         0.000         0.000         0.000


           LAMBDA
              F5            F6            F7            F8            F9
              ________      ________      ________      ________      ________
 Y1             0.000         0.000         0.000         0.000         0.000
 Y2             0.000         0.000         0.000         0.000         0.000
 Y3             0.000         0.000         0.000         0.000         0.000
 Y4             0.000         0.000         0.000         0.000         0.000
 Y5             1.000         0.000         0.000         0.000         0.000
 Y6             0.000         1.000         0.000         0.000         0.000
 Y7             0.000         0.000         1.000         0.000         0.000
 Y8             0.000         0.000         0.000         1.000         0.000
 Y9             0.000         0.000         0.000         0.000         1.000
 Y10            0.000         0.000         0.000         0.000         0.000


           LAMBDA
              F10           F&1           F1&1          F2&1          F3&1
              ________      ________      ________      ________      ________
 Y1             0.000         0.000         0.000         0.000         0.000
 Y2             0.000         0.000         0.000         0.000         0.000
 Y3             0.000         0.000         0.000         0.000         0.000
 Y4             0.000         0.000         0.000         0.000         0.000
 Y5             0.000         0.000         0.000         0.000         0.000
 Y6             0.000         0.000         0.000         0.000         0.000
 Y7             0.000         0.000         0.000         0.000         0.000
 Y8             0.000         0.000         0.000         0.000         0.000
 Y9             0.000         0.000         0.000         0.000         0.000
 Y10            1.000         0.000         0.000         0.000         0.000


           LAMBDA
              F4&1          F5&1          F6&1          F7&1          F8&1
              ________      ________      ________      ________      ________
 Y1             0.000         0.000         0.000         0.000         0.000
 Y2             0.000         0.000         0.000         0.000         0.000
 Y3             0.000         0.000         0.000         0.000         0.000
 Y4             0.000         0.000         0.000         0.000         0.000
 Y5             0.000         0.000         0.000         0.000         0.000
 Y6             0.000         0.000         0.000         0.000         0.000
 Y7             0.000         0.000         0.000         0.000         0.000
 Y8             0.000         0.000         0.000         0.000         0.000
 Y9             0.000         0.000         0.000         0.000         0.000
 Y10            0.000         0.000         0.000         0.000         0.000


           LAMBDA
              F9&1          F10&1
              ________      ________
 Y1             0.000         0.000
 Y2             0.000         0.000
 Y3             0.000         0.000
 Y4             0.000         0.000
 Y5             0.000         0.000
 Y6             0.000         0.000
 Y7             0.000         0.000
 Y8             0.000         0.000
 Y9             0.000         0.000
 Y10            0.000         0.000


           THETA
              Y1            Y2            Y3            Y4            Y5
              ________      ________      ________      ________      ________
 Y1             0.010
 Y2             0.000         0.010
 Y3             0.000         0.000         0.010
 Y4             0.000         0.000         0.000         0.010
 Y5             0.000         0.000         0.000         0.000         0.010
 Y6             0.000         0.000         0.000         0.000         0.000
 Y7             0.000         0.000         0.000         0.000         0.000
 Y8             0.000         0.000         0.000         0.000         0.000
 Y9             0.000         0.000         0.000         0.000         0.000
 Y10            0.000         0.000         0.000         0.000         0.000


           THETA
              Y6            Y7            Y8            Y9            Y10
              ________      ________      ________      ________      ________
 Y6             0.010
 Y7             0.000         0.010
 Y8             0.000         0.000         0.010
 Y9             0.000         0.000         0.000         0.010
 Y10            0.000         0.000         0.000         0.000         0.010


           ALPHA
              F             F1            F2            F3            F4
              ________      ________      ________      ________      ________
                0.000         0.000         0.000         0.000         0.000


           ALPHA
              F5            F6            F7            F8            F9
              ________      ________      ________      ________      ________
                0.000         0.000         0.000         0.000         0.000


           ALPHA
              F10           F&1           F1&1          F2&1          F3&1
              ________      ________      ________      ________      ________
                0.000         0.000         0.000         0.000         0.000


           ALPHA
              F4&1          F5&1          F6&1          F7&1          F8&1
              ________      ________      ________      ________      ________
                0.000         0.000         0.000         0.000         0.000


           ALPHA
              F9&1          F10&1
              ________      ________
                0.000         0.000


           BETA
              F             F1            F2            F3            F4
              ________      ________      ________      ________      ________
 F              0.000         0.000         0.000         0.000         0.000
 F1             0.000         0.000         0.000         0.000         0.000
 F2             0.000         0.500         0.000         0.000         0.000
 F3             0.000         0.000         0.500         0.000         0.000
 F4             0.000         0.000         0.000         0.500         0.000
 F5             0.000         0.000         0.000         0.000         0.500
 F6             0.000         0.000         0.000         0.000         0.000
 F7             0.000         0.000         0.000         0.000         0.000
 F8             0.000         0.000         0.000         0.000         0.000
 F9             0.000         0.000         0.000         0.000         0.000
 F10            0.000         0.000         0.000         0.000         0.000
 F&1            0.000         0.000         0.000         0.000         0.000
 F1&1           0.000         0.000         0.000         0.000         0.000
 F2&1           0.000         0.000         0.000         0.000         0.000
 F3&1           0.000         0.000         0.000         0.000         0.000
 F4&1           0.000         0.000         0.000         0.000         0.000
 F5&1           0.000         0.000         0.000         0.000         0.000
 F6&1           0.000         0.000         0.000         0.000         0.000
 F7&1           0.000         0.000         0.000         0.000         0.000
 F8&1           0.000         0.000         0.000         0.000         0.000
 F9&1           0.000         0.000         0.000         0.000         0.000
 F10&1          0.000         0.000         0.000         0.000         0.000


           BETA
              F5            F6            F7            F8            F9
              ________      ________      ________      ________      ________
 F              0.000         0.000         0.000         0.000         0.000
 F1             0.000         0.000         0.000         0.000         0.000
 F2             0.000         0.000         0.000         0.000         0.000
 F3             0.000         0.000         0.000         0.000         0.000
 F4             0.000         0.000         0.000         0.000         0.000
 F5             0.000         0.000         0.000         0.000         0.000
 F6             0.500         0.000         0.000         0.000         0.000
 F7             0.000         0.500         0.000         0.000         0.000
 F8             0.000         0.000         0.500         0.000         0.000
 F9             0.000         0.000         0.000         0.500         0.000
 F10            0.000         0.000         0.000         0.000         0.500
 F&1            0.000         0.000         0.000         0.000         0.000
 F1&1           0.000         0.000         0.000         0.000         0.000
 F2&1           0.000         0.000         0.000         0.000         0.000
 F3&1           0.000         0.000         0.000         0.000         0.000
 F4&1           0.000         0.000         0.000         0.000         0.000
 F5&1           0.000         0.000         0.000         0.000         0.000
 F6&1           0.000         0.000         0.000         0.000         0.000
 F7&1           0.000         0.000         0.000         0.000         0.000
 F8&1           0.000         0.000         0.000         0.000         0.000
 F9&1           0.000         0.000         0.000         0.000         0.000
 F10&1          0.000         0.000         0.000         0.000         0.000


           BETA
              F10           F&1           F1&1          F2&1          F3&1
              ________      ________      ________      ________      ________
 F              0.000         0.300         0.000         0.000         0.000
 F1             0.000         0.000         0.000         0.000         0.000
 F2             0.000         0.000         0.000         0.000         0.000
 F3             0.000         0.000         0.000         0.000         0.000
 F4             0.000         0.000         0.000         0.000         0.000
 F5             0.000         0.000         0.000         0.000         0.000
 F6             0.000         0.000         0.000         0.000         0.000
 F7             0.000         0.000         0.000         0.000         0.000
 F8             0.000         0.000         0.000         0.000         0.000
 F9             0.000         0.000         0.000         0.000         0.000
 F10            0.000         0.000         0.000         0.000         0.000
 F&1            0.000         0.000         0.000         0.000         0.000
 F1&1           0.000         0.000         0.000         0.000         0.000
 F2&1           0.000         0.000         0.000         0.000         0.000
 F3&1           0.000         0.000         0.000         0.000         0.000
 F4&1           0.000         0.000         0.000         0.000         0.000
 F5&1           0.000         0.000         0.000         0.000         0.000
 F6&1           0.000         0.000         0.000         0.000         0.000
 F7&1           0.000         0.000         0.000         0.000         0.000
 F8&1           0.000         0.000         0.000         0.000         0.000
 F9&1           0.000         0.000         0.000         0.000         0.000
 F10&1          0.000         0.000         0.000         0.000         0.000


           BETA
              F4&1          F5&1          F6&1          F7&1          F8&1
              ________      ________      ________      ________      ________
 F              0.000         0.000         0.000         0.000         0.000
 F1             0.000         0.000         0.000         0.000         0.000
 F2             0.000         0.000         0.000         0.000         0.000
 F3             0.000         0.000         0.000         0.000         0.000
 F4             0.000         0.000         0.000         0.000         0.000
 F5             0.000         0.000         0.000         0.000         0.000
 F6             0.000         0.000         0.000         0.000         0.000
 F7             0.000         0.000         0.000         0.000         0.000
 F8             0.000         0.000         0.000         0.000         0.000
 F9             0.000         0.000         0.000         0.000         0.000
 F10            0.000         0.000         0.000         0.000         0.000
 F&1            0.000         0.000         0.000         0.000         0.000
 F1&1           0.000         0.000         0.000         0.000         0.000
 F2&1           0.000         0.000         0.000         0.000         0.000
 F3&1           0.000         0.000         0.000         0.000         0.000
 F4&1           0.000         0.000         0.000         0.000         0.000
 F5&1           0.000         0.000         0.000         0.000         0.000
 F6&1           0.000         0.000         0.000         0.000         0.000
 F7&1           0.000         0.000         0.000         0.000         0.000
 F8&1           0.000         0.000         0.000         0.000         0.000
 F9&1           0.000         0.000         0.000         0.000         0.000
 F10&1          0.000         0.000         0.000         0.000         0.000


           BETA
              F9&1          F10&1
              ________      ________
 F              0.000         0.000
 F1             0.000         0.000
 F2             0.000         0.000
 F3             0.000         0.000
 F4             0.000         0.000
 F5             0.000         0.000
 F6             0.000         0.000
 F7             0.000         0.000
 F8             0.000         0.000
 F9             0.000         0.000
 F10            0.000         0.000
 F&1            0.000         0.000
 F1&1           0.000         0.000
 F2&1           0.000         0.000
 F3&1           0.000         0.000
 F4&1           0.000         0.000
 F5&1           0.000         0.000
 F6&1           0.000         0.000
 F7&1           0.000         0.000
 F8&1           0.000         0.000
 F9&1           0.000         0.000
 F10&1          0.000         0.000


           PSI
              F             F1            F2            F3            F4
              ________      ________      ________      ________      ________
 F              0.500
 F1             0.000         1.000
 F2             0.000         0.000         0.000
 F3             0.000         0.000         0.000         0.000
 F4             0.000         0.000         0.000         0.000         0.000
 F5             0.000         0.000         0.000         0.000         0.000
 F6             0.000         0.000         0.000         0.000         0.000
 F7             0.000         0.000         0.000         0.000         0.000
 F8             0.000         0.000         0.000         0.000         0.000
 F9             0.000         0.000         0.000         0.000         0.000
 F10            0.000         0.000         0.000         0.000         0.000
 F&1            0.000         0.000         0.000         0.000         0.000
 F1&1           0.000         0.000         0.000         0.000         0.000
 F2&1           0.000         0.000         0.000         0.000         0.000
 F3&1           0.000         0.000         0.000         0.000         0.000
 F4&1           0.000         0.000         0.000         0.000         0.000
 F5&1           0.000         0.000         0.000         0.000         0.000
 F6&1           0.000         0.000         0.000         0.000         0.000
 F7&1           0.000         0.000         0.000         0.000         0.000
 F8&1           0.000         0.000         0.000         0.000         0.000
 F9&1           0.000         0.000         0.000         0.000         0.000
 F10&1          0.000         0.000         0.000         0.000         0.000


           PSI
              F5            F6            F7            F8            F9
              ________      ________      ________      ________      ________
 F5             0.000
 F6             0.000         0.000
 F7             0.000         0.000         0.000
 F8             0.000         0.000         0.000         0.000
 F9             0.000         0.000         0.000         0.000         0.000
 F10            0.000         0.000         0.000         0.000         0.000
 F&1            0.000         0.000         0.000         0.000         0.000
 F1&1           0.000         0.000         0.000         0.000         0.000
 F2&1           0.000         0.000         0.000         0.000         0.000
 F3&1           0.000         0.000         0.000         0.000         0.000
 F4&1           0.000         0.000         0.000         0.000         0.000
 F5&1           0.000         0.000         0.000         0.000         0.000
 F6&1           0.000         0.000         0.000         0.000         0.000
 F7&1           0.000         0.000         0.000         0.000         0.000
 F8&1           0.000         0.000         0.000         0.000         0.000
 F9&1           0.000         0.000         0.000         0.000         0.000
 F10&1          0.000         0.000         0.000         0.000         0.000


           PSI
              F10           F&1           F1&1          F2&1          F3&1
              ________      ________      ________      ________      ________
 F10            0.000
 F&1            0.000         1.000
 F1&1           0.000         0.000         1.000
 F2&1           0.000         0.000         0.000         1.000
 F3&1           0.000         0.000         0.000         0.000         1.000
 F4&1           0.000         0.000         0.000         0.000         0.000
 F5&1           0.000         0.000         0.000         0.000         0.000
 F6&1           0.000         0.000         0.000         0.000         0.000
 F7&1           0.000         0.000         0.000         0.000         0.000
 F8&1           0.000         0.000         0.000         0.000         0.000
 F9&1           0.000         0.000         0.000         0.000         0.000
 F10&1          0.000         0.000         0.000         0.000         0.000


           PSI
              F4&1          F5&1          F6&1          F7&1          F8&1
              ________      ________      ________      ________      ________
 F4&1           1.000
 F5&1           0.000         1.000
 F6&1           0.000         0.000         1.000
 F7&1           0.000         0.000         0.000         1.000
 F8&1           0.000         0.000         0.000         0.000         1.000
 F9&1           0.000         0.000         0.000         0.000         0.000
 F10&1          0.000         0.000         0.000         0.000         0.000


           PSI
              F9&1          F10&1
              ________      ________
 F9&1           1.000
 F10&1          0.000         1.000


     POPULATION VALUES FOR BETWEEN


           NU
              Y1            Y2            Y3            Y4            Y5
              ________      ________      ________      ________      ________
                0.000         0.000         0.000         0.000         0.000


           NU
              Y6            Y7            Y8            Y9            Y10
              ________      ________      ________      ________      ________
                0.000         0.000         0.000         0.000         0.000


           LAMBDA
              FB
              ________
 Y1             1.000
 Y2             1.000
 Y3             1.000
 Y4             1.000
 Y5             1.000
 Y6             1.000
 Y7             1.000
 Y8             1.000
 Y9             1.000
 Y10            1.000


           THETA
              Y1            Y2            Y3            Y4            Y5
              ________      ________      ________      ________      ________
 Y1             0.100
 Y2             0.000         0.100
 Y3             0.000         0.000         0.100
 Y4             0.000         0.000         0.000         0.100
 Y5             0.000         0.000         0.000         0.000         0.100
 Y6             0.000         0.000         0.000         0.000         0.000
 Y7             0.000         0.000         0.000         0.000         0.000
 Y8             0.000         0.000         0.000         0.000         0.000
 Y9             0.000         0.000         0.000         0.000         0.000
 Y10            0.000         0.000         0.000         0.000         0.000


           THETA
              Y6            Y7            Y8            Y9            Y10
              ________      ________      ________      ________      ________
 Y6             0.100
 Y7             0.000         0.100
 Y8             0.000         0.000         0.100
 Y9             0.000         0.000         0.000         0.100
 Y10            0.000         0.000         0.000         0.000         0.100


           ALPHA
              FB
              ________
                0.000


           BETA
              FB
              ________
 FB             0.000


           PSI
              FB
              ________
 FB             0.400



     PRIORS FOR ALL PARAMETERS            PRIOR MEAN      PRIOR VARIANCE     PRIOR STD. DEV.

     Parameter 1~N(0.000,infinity)           0.0000            infinity            infinity
     Parameter 2~N(0.000,infinity)           0.0000            infinity            infinity
     Parameter 3~IG(-1.000,0.000)          infinity            infinity            infinity
     Parameter 4~IG(-1.000,0.000)          infinity            infinity            infinity
     Parameter 5~IG(-1.000,0.000)          infinity            infinity            infinity
     Parameter 6~IG(-1.000,0.000)          infinity            infinity            infinity
     Parameter 7~IG(-1.000,0.000)          infinity            infinity            infinity
     Parameter 8~IG(-1.000,0.000)          infinity            infinity            infinity
     Parameter 9~IG(-1.000,0.000)          infinity            infinity            infinity
     Parameter 10~IG(-1.000,0.000)         infinity            infinity            infinity
     Parameter 11~IG(-1.000,0.000)         infinity            infinity            infinity
     Parameter 12~IG(-1.000,0.000)         infinity            infinity            infinity
     Parameter 13~IG(-1.000,0.000)         infinity            infinity            infinity
     Parameter 14~N(0.000,infinity)          0.0000            infinity            infinity
     Parameter 15~IG(-1.000,0.000)         infinity            infinity            infinity
     Parameter 16~IG(-1.000,0.000)         infinity            infinity            infinity
     Parameter 17~IG(-1.000,0.000)         infinity            infinity            infinity
     Parameter 18~IG(-1.000,0.000)         infinity            infinity            infinity
     Parameter 19~IG(-1.000,0.000)         infinity            infinity            infinity
     Parameter 20~IG(-1.000,0.000)         infinity            infinity            infinity
     Parameter 21~IG(-1.000,0.000)         infinity            infinity            infinity
     Parameter 22~IG(-1.000,0.000)         infinity            infinity            infinity
     Parameter 23~IG(-1.000,0.000)         infinity            infinity            infinity
     Parameter 24~IG(-1.000,0.000)         infinity            infinity            infinity
     Parameter 25~IG(-1.000,0.000)         infinity            infinity            infinity


     Beginning Time:  21:18:38
        Ending Time:  21:20:37
       Elapsed Time:  00:01:59



MUTHEN & MUTHEN
3463 Stoner Ave.
Los Angeles, CA  90066

Tel: (310) 391-9971
Fax: (310) 391-8971
Web: www.StatModel.com
Support: Support@StatModel.com

Copyright (c) 1998-2018 Muthen & Muthen
