Mplus VERSION 8.2 (Mac)
MUTHEN & MUTHEN
04/30/2019  12:25 PM

INPUT INSTRUCTIONS

  TITLE: rslope
  DATA: FILE = "fb_l_superwide.dat";
  VARIABLE:
  NAMES = id trial lh1_t00 lh1_t01 lh1_t02 lh1_t03 lh1_t04 lh1_t05 lh1_t06 lh1_t07
       lh1_t08 lh1_t09 lh1_t10 lh10_t00 lh10_t01 lh10_t02 lh10_t03 lh10_t04 lh10_t05
       lh10_t06 lh10_t07 lh10_t08 lh10_t09 lh10_t10 lh11_t00 lh11_t01 lh11_t02
       lh11_t03 lh11_t04 lh11_t05 lh11_t06 lh11_t07 lh11_t08 lh11_t09 lh11_t10
       lh12_t00 lh12_t01 lh12_t02 lh12_t03 lh12_t04 lh12_t05 lh12_t06 lh12_t07
       lh12_t08 lh12_t09 lh12_t10 lh2_t00 lh2_t01 lh2_t02 lh2_t03 lh2_t04 lh2_t05
       lh2_t06 lh2_t07 lh2_t08 lh2_t09 lh2_t10 lh3_t00 lh3_t01 lh3_t02 lh3_t03 lh3_t04
       lh3_t05 lh3_t06 lh3_t07 lh3_t08 lh3_t09 lh3_t10 lh4_t00 lh4_t01 lh4_t02 lh4_t03
       lh4_t04 lh4_t05 lh4_t06 lh4_t07 lh4_t08 lh4_t09 lh4_t10 lh5_t00 lh5_t01 lh5_t02
       lh5_t03 lh5_t04 lh5_t05 lh5_t06 lh5_t07 lh5_t08 lh5_t09 lh5_t10 lh6_t00 lh6_t01
       lh6_t02 lh6_t03 lh6_t04 lh6_t05 lh6_t06 lh6_t07 lh6_t08 lh6_t09 lh6_t10 lh7_t00
       lh7_t01 lh7_t02 lh7_t03 lh7_t04 lh7_t05 lh7_t06 lh7_t07 lh7_t08 lh7_t09 lh7_t10
       lh8_t00 lh8_t01 lh8_t02 lh8_t03 lh8_t04 lh8_t05 lh8_t06 lh8_t07 lh8_t08 lh8_t09
       lh8_t10 lh9_t00 lh9_t01 lh9_t02 lh9_t03 lh9_t04 lh9_t05 lh9_t06 lh9_t07 lh9_t08
       lh9_t09 lh9_t10;

  MISSING=.;
  CLUSTER = id;
  USEVARIABLES ARE id lh1_t00-lh1_t07
     lh2_t00-lh2_t07;
     !lh3_t00-lh3_t07;

  WITHIN = lh1_t00-lh1_t07
     lh2_t00-lh2_t07;

  !mplus doesn't allow equalities on random slopes for time series
  !LAGGED = lh1_t00-lh1_t04
  !   lh2_t00-lh2_t04 (1);

  ANALYSIS: TYPE = TWOLEVEL RANDOM;
     ESTIMATOR=BAYES;
     PROCESSORS=2;
     BITERATIONS=(1000);
     !ALGORITHM=GIBBS(RW);

  MODEL:

  %WITHIN%

  !temporal autoregression
  s1 | lh1_t07 ON lh1_t06;
  s1 | lh1_t06 ON lh1_t05;
  s1 | lh1_t05 ON lh1_t04;
  s1 | lh1_t04 ON lh1_t03;
  s1 | lh1_t03 ON lh1_t02;
  s1 | lh1_t02 ON lh1_t01;
  s1 | lh1_t01 ON lh1_t00;

  !cross-path
  s2 | lh1_t07 ON lh2_t06;
  s2 | lh1_t06 ON lh2_t05;
  s2 | lh1_t05 ON lh2_t04;
  s2 | lh1_t04 ON lh2_t03;
  s2 | lh1_t03 ON lh2_t02;
  s2 | lh1_t02 ON lh2_t01;
  s2 | lh1_t01 ON lh2_t00;

  !temporal autoregression
  s4 | lh2_t07 ON lh2_t06;
  s4 | lh2_t06 ON lh2_t05;
  s4 | lh2_t05 ON lh2_t04;
  s4 | lh2_t04 ON lh2_t03;
  s4 | lh2_t03 ON lh2_t02;
  s4 | lh2_t02 ON lh2_t01;
  s4 | lh2_t01 ON lh2_t00;

  !cross-path
  s3 | lh2_t07 ON lh1_t06;
  s3 | lh2_t06 ON lh1_t05;
  s3 | lh2_t05 ON lh1_t04;
  s3 | lh2_t04 ON lh1_t03;
  s3 | lh2_t03 ON lh1_t02;
  s3 | lh2_t02 ON lh1_t01;
  s3 | lh2_t01 ON lh1_t00;

  !prior trial effects
  !s5 | lh1_t04 ON lh1_t04&1;
  !s5 | lh1_t03 ON lh1_t03&1;
  !s5 | lh1_t02 ON lh1_t02&1;
  !s5 | lh1_t01 ON lh1_t01&1;
  !s5 | lh1_t00 ON lh1_t00&1;

  !s6 | lh2_t04 ON lh2_t04&1;
  !s6 | lh2_t03 ON lh2_t03&1;
  !s6 | lh2_t02 ON lh2_t02&1;
  !s6 | lh2_t01 ON lh2_t01&1;
  !s6 | lh2_t00 ON lh2_t00&1;

  !lh1_t00-lh1_t04;
  !lh2_t00-lh2_t04;


  %BETWEEN%

  s1 s2 s3 s4 WITH s1 s2 s3 s4;

  !lh1_t00-lh1_t04;
  !lh2_t00-lh2_t04;


  OUTPUT: TECH1 TECH8; ! STANDARDIZED;



*** WARNING in MODEL command
  Variable on the left-hand side of an ON statement in a | statement is a
  WITHIN variable.  The intercept for this variable is not random.
  Variable:  LH1_T07
*** WARNING in MODEL command
  Variable on the left-hand side of an ON statement in a | statement is a
  WITHIN variable.  The intercept for this variable is not random.
  Variable:  LH1_T06
*** WARNING in MODEL command
  Variable on the left-hand side of an ON statement in a | statement is a
  WITHIN variable.  The intercept for this variable is not random.
  Variable:  LH1_T05
*** WARNING in MODEL command
  Variable on the left-hand side of an ON statement in a | statement is a
  WITHIN variable.  The intercept for this variable is not random.
  Variable:  LH1_T04
*** WARNING in MODEL command
  Variable on the left-hand side of an ON statement in a | statement is a
  WITHIN variable.  The intercept for this variable is not random.
  Variable:  LH1_T03
*** WARNING in MODEL command
  Variable on the left-hand side of an ON statement in a | statement is a
  WITHIN variable.  The intercept for this variable is not random.
  Variable:  LH1_T02
*** WARNING in MODEL command
  Variable on the left-hand side of an ON statement in a | statement is a
  WITHIN variable.  The intercept for this variable is not random.
  Variable:  LH1_T01
*** WARNING in MODEL command
  Variable on the left-hand side of an ON statement in a | statement is a
  WITHIN variable.  The intercept for this variable is not random.
  Variable:  LH2_T07
*** WARNING in MODEL command
  Variable on the left-hand side of an ON statement in a | statement is a
  WITHIN variable.  The intercept for this variable is not random.
  Variable:  LH2_T06
*** WARNING in MODEL command
  Variable on the left-hand side of an ON statement in a | statement is a
  WITHIN variable.  The intercept for this variable is not random.
  Variable:  LH2_T05
*** WARNING in MODEL command
  Variable on the left-hand side of an ON statement in a | statement is a
  WITHIN variable.  The intercept for this variable is not random.
  Variable:  LH2_T04
*** WARNING in MODEL command
  Variable on the left-hand side of an ON statement in a | statement is a
  WITHIN variable.  The intercept for this variable is not random.
  Variable:  LH2_T03
*** WARNING in MODEL command
  Variable on the left-hand side of an ON statement in a | statement is a
  WITHIN variable.  The intercept for this variable is not random.
  Variable:  LH2_T02
*** WARNING in MODEL command
  Variable on the left-hand side of an ON statement in a | statement is a
  WITHIN variable.  The intercept for this variable is not random.
  Variable:  LH2_T01
*** WARNING
  Data set contains cases with missing on all variables.
  These cases were not included in the analysis.
  Number of cases with missing on all variables:  2
*** WARNING
  Data set contains cases with missing on all variables except
  x-variables.  These cases were not included in the analysis.
  Number of cases with missing on all variables except x-variables:  9632
  16 WARNING(S) FOUND IN THE INPUT INSTRUCTIONS



rslope

SUMMARY OF ANALYSIS

Number of groups                                                 1
Number of observations                                       18103

Number of dependent variables                                   14
Number of independent variables                                  2
Number of continuous latent variables                            4

Observed dependent variables

  Continuous
   LH1_T01     LH1_T02     LH1_T03     LH1_T04     LH1_T05     LH1_T06
   LH1_T07     LH2_T01     LH2_T02     LH2_T03     LH2_T04     LH2_T05
   LH2_T06     LH2_T07

Observed independent variables
   LH1_T00     LH2_T00

Continuous latent variables
   S1          S2          S4          S3

Variables with special functions

  Cluster variable      ID

  Within variables
   LH1_T00     LH1_T01     LH1_T02     LH1_T03     LH1_T04     LH1_T05
   LH1_T06     LH1_T07     LH2_T00     LH2_T01     LH2_T02     LH2_T03
   LH2_T04     LH2_T05     LH2_T06     LH2_T07


Estimator                                                    BAYES
Specifications for Bayesian Estimation
  Point estimate                                            MEDIAN
  Number of Markov chain Monte Carlo (MCMC) chains               2
  Random seed for the first chain                                0
  Starting value information                           UNPERTURBED
  Algorithm used for Markov chain Monte Carlo           GIBBS(PX1)
  Convergence criterion                                  0.500D-01
  Maximum number of iterations                               50000
  K-th iteration used for thinning                               1

Input data file(s)
  fb_l_superwide.dat
Input data format  FREE


SUMMARY OF DATA

     Number of clusters                         71

       Size (s)    Cluster ID with Size s

        164        10711
        195        10637 11324 11336
        196        11343
        227        10717
        229        11256
        252        11323
        260        11325 11311 10822 11345
        261        10997 11162 11178 11216 11228 11243 11250 11252 11253
                   11255 10638 11258 11262 11263 11265 11274 11275 11277
                   11278 11279 11280 11281 11287 11288 11298 11302 11304
                   11305 11310 10873 11313 11314 11315 11316 11317 11318
                   11319 11321 11322 10767 10811 11326 11328 11329 11331
                   11335 10814 11337 11338 11342 10891 11344 10895 11346
                   11350 11353 11366
        265        11229
        268        10772



COVARIANCE COVERAGE OF DATA

Minimum covariance coverage value   0.100

     Number of missing data patterns             7


     PROPORTION OF DATA PRESENT


           Covariance Coverage
              LH1_T01       LH1_T02       LH1_T03       LH1_T04       LH1_T05
              ________      ________      ________      ________      ________
 LH1_T01        1.000
 LH1_T02        0.719         0.719
 LH1_T03        0.551         0.551         0.551
 LH1_T04        0.428         0.428         0.428         0.428
 LH1_T05        0.313         0.313         0.313         0.313         0.313
 LH1_T06        0.236         0.236         0.236         0.236         0.236
 LH1_T07        0.171         0.171         0.171         0.171         0.171
 LH2_T01        1.000         0.719         0.551         0.428         0.313
 LH2_T02        0.719         0.719         0.551         0.428         0.313
 LH2_T03        0.551         0.551         0.551         0.428         0.313
 LH2_T04        0.428         0.428         0.428         0.428         0.313
 LH2_T05        0.313         0.313         0.313         0.313         0.313
 LH2_T06        0.236         0.236         0.236         0.236         0.236
 LH2_T07        0.171         0.171         0.171         0.171         0.171
 LH1_T00        1.000         0.719         0.551         0.428         0.313
 LH2_T00        1.000         0.719         0.551         0.428         0.313


           Covariance Coverage
              LH1_T06       LH1_T07       LH2_T01       LH2_T02       LH2_T03
              ________      ________      ________      ________      ________
 LH1_T06        0.236
 LH1_T07        0.171         0.171
 LH2_T01        0.236         0.171         1.000
 LH2_T02        0.236         0.171         0.719         0.719
 LH2_T03        0.236         0.171         0.551         0.551         0.551
 LH2_T04        0.236         0.171         0.428         0.428         0.428
 LH2_T05        0.236         0.171         0.313         0.313         0.313
 LH2_T06        0.236         0.171         0.236         0.236         0.236
 LH2_T07        0.171         0.171         0.171         0.171         0.171
 LH1_T00        0.236         0.171         1.000         0.719         0.551
 LH2_T00        0.236         0.171         1.000         0.719         0.551


           Covariance Coverage
              LH2_T04       LH2_T05       LH2_T06       LH2_T07       LH1_T00
              ________      ________      ________      ________      ________
 LH2_T04        0.428
 LH2_T05        0.313         0.313
 LH2_T06        0.236         0.236         0.236
 LH2_T07        0.171         0.171         0.171         0.171
 LH1_T00        0.428         0.313         0.236         0.171         1.000
 LH2_T00        0.428         0.313         0.236         0.171         1.000


           Covariance Coverage
              LH2_T00
              ________
 LH2_T00        1.000



UNIVARIATE SAMPLE STATISTICS


     UNIVARIATE HIGHER-ORDER MOMENT DESCRIPTIVE STATISTICS

         Variable/         Mean/     Skewness/   Minimum/ % with                Percentiles
        Sample Size      Variance    Kurtosis    Maximum  Min/Max      20%/60%    40%/80%    Median

     LH1_T01               0.506      -0.034       0.009    0.01%       0.324      0.451      0.507
           18103.000       0.038      -0.733       0.992    0.01%       0.563      0.690
     LH1_T02               0.501      -0.014       0.014    0.01%       0.321      0.447      0.503
           13020.000       0.038      -0.707       0.981    0.01%       0.556      0.680
     LH1_T03               0.494       0.013       0.017    0.01%       0.314      0.437      0.493
            9971.000       0.038      -0.717       0.986    0.01%       0.547      0.677
     LH1_T04               0.493       0.008       0.002    0.01%       0.307      0.433      0.492
            7743.000       0.039      -0.768       0.996    0.01%       0.553      0.678
     LH1_T05               0.497      -0.016       0.014    0.02%       0.314      0.441      0.498
            5664.000       0.039      -0.734       0.966    0.02%       0.554      0.681
     LH1_T06               0.500      -0.049       0.011    0.02%       0.314      0.449      0.505
            4271.000       0.039      -0.738       0.971    0.02%       0.559      0.681
     LH1_T07               0.509      -0.037       0.020    0.03%       0.331      0.454      0.510
            3090.000       0.037      -0.697       0.957    0.03%       0.568      0.690
     LH2_T01               0.503      -0.019       0.018    0.01%       0.321      0.447      0.504
           18103.000       0.038      -0.745       0.990    0.01%       0.560      0.686
     LH2_T02               0.502      -0.006       0.013    0.01%       0.323      0.444      0.502
           13020.000       0.038      -0.743       0.992    0.01%       0.560      0.682
     LH2_T03               0.499      -0.010       0.014    0.01%       0.318      0.440      0.501
            9971.000       0.038      -0.747       0.974    0.01%       0.555      0.683
     LH2_T04               0.500      -0.016       0.007    0.01%       0.316      0.444      0.500
            7743.000       0.038      -0.741       0.997    0.01%       0.558      0.681
     LH2_T05               0.503      -0.021       0.022    0.02%       0.322      0.445      0.503
            5664.000       0.038      -0.717       0.966    0.02%       0.561      0.682
     LH2_T06               0.502      -0.032       0.019    0.02%       0.316      0.449      0.504
            4271.000       0.038      -0.753       0.969    0.02%       0.561      0.683
     LH2_T07               0.505       0.003       0.027    0.03%       0.325      0.448      0.507
            3090.000       0.037      -0.702       0.972    0.03%       0.559      0.681
     LH1_T00               0.506      -0.032       0.003    0.01%       0.322      0.451      0.507
           18103.000       0.039      -0.729       0.984    0.01%       0.565      0.688
     LH2_T00               0.502      -0.013       0.014    0.01%       0.320      0.445      0.502
           18103.000       0.038      -0.737       0.979    0.01%       0.558      0.685

     THE MODEL ESTIMATION DID NOT TERMINATE NORMALLY.
     THE PSI MATRIX IS NOT POSITIVE DEFINITE.

     THE PROBLEM OCCURRED IN CHAIN 1.

     THE PROBLEM OCCURRED ON THE WITHIN LEVEL.






MODEL RESULTS

                    Estimate

Within Level

 LH2_T07  WITH
    LH1_T07        *********

 Intercepts
    LH1_T01           -0.136
    LH1_T02            0.469
    LH1_T03            1.244
    LH1_T04           -3.626
    LH1_T05           15.307
    LH1_T06          164.686
    LH1_T07          492.753
    LH2_T01           -0.731
    LH2_T02           -0.330
    LH2_T03            1.868
    LH2_T04           13.918
    LH2_T05          136.513
    LH2_T06          380.551
    LH2_T07        *********

 Residual Variances
    LH1_T01            0.019
    LH1_T02            2.185
    LH1_T03            6.210
    LH1_T04          105.201
    LH1_T05         3513.665
    LH1_T06        *********
    LH1_T07        *********
    LH2_T01            0.366
    LH2_T02            0.928
    LH2_T03           23.530
    LH2_T04          690.561
    LH2_T05        62630.266
    LH2_T06        *********
    LH2_T07        *********

Between Level

 S1       WITH
    S2                -0.065
    S3                 0.592
    S4                -0.703

 S2       WITH
    S3                -0.647
    S4                 0.771

 S3       WITH
    S4                -7.251

 Means
    S1                 0.694
    S2                 0.582
    S4                 3.470
    S3                -1.062

 Variances
    S1                 0.060
    S2                 0.072
    S4                 8.641
    S3                 6.099


MODEL COMMAND WITH FINAL ESTIMATES USED AS STARTING VALUES

     %WITHIN%

     s1 | lh1_t07 ON lh1_t06;
     s1 | lh1_t06 ON lh1_t05;
     s1 | lh1_t05 ON lh1_t04;
     s1 | lh1_t04 ON lh1_t03;
     s1 | lh1_t03 ON lh1_t02;
     s1 | lh1_t02 ON lh1_t01;
     s1 | lh1_t01 ON lh1_t00;
     s2 | lh1_t07 ON lh2_t06;
     s2 | lh1_t06 ON lh2_t05;
     s2 | lh1_t05 ON lh2_t04;
     s2 | lh1_t04 ON lh2_t03;
     s2 | lh1_t03 ON lh2_t02;
     s2 | lh1_t02 ON lh2_t01;
     s2 | lh1_t01 ON lh2_t00;
     s4 | lh2_t07 ON lh2_t06;
     s4 | lh2_t06 ON lh2_t05;
     s4 | lh2_t05 ON lh2_t04;
     s4 | lh2_t04 ON lh2_t03;
     s4 | lh2_t03 ON lh2_t02;
     s4 | lh2_t02 ON lh2_t01;
     s4 | lh2_t01 ON lh2_t00;
     s3 | lh2_t07 ON lh1_t06;
     s3 | lh2_t06 ON lh1_t05;
     s3 | lh2_t05 ON lh1_t04;
     s3 | lh2_t04 ON lh1_t03;
     s3 | lh2_t03 ON lh1_t02;
     s3 | lh2_t02 ON lh1_t01;
     s3 | lh2_t01 ON lh1_t00;

     lh2_t07 WITH lh1_t07*55417356;

     [ lh1_t01*-0.13588 ];
     [ lh1_t02*0.46926 ];
     [ lh1_t03*1.24448 ];
     [ lh1_t04*-3.62593 ];
     [ lh1_t05*15.30740 ];
     [ lh1_t06*164.68591 ];
     [ lh1_t07*492.75345 ];
     [ lh2_t01*-0.73065 ];
     [ lh2_t02*-0.32969 ];
     [ lh2_t03*1.86829 ];
     [ lh2_t04*13.91789 ];
     [ lh2_t05*136.51309 ];
     [ lh2_t06*380.55063 ];
     [ lh2_t07*-44381.19141 ];

     lh1_t01*0.01854;
     lh1_t02*2.18524;
     lh1_t03*6.21030;
     lh1_t04*105.20132;
     lh1_t05*3513.66455;
     lh1_t06*105334.17188;
     lh1_t07*1352149.62500;
     lh2_t01*0.36581;
     lh2_t02*0.92792;
     lh2_t03*23.53019;
     lh2_t04*690.56067;
     lh2_t05*62630.26562;
     lh2_t06*308762.96875;
     lh2_t07****************;

     %BETWEEN%

     s1 WITH s2*-0.06542;
     s1 WITH s3*0.59215;
     s1 WITH s4*-0.70274;
     s2 WITH s3*-0.64661;
     s2 WITH s4*0.77081;
     s3 WITH s4*-7.25089;

     [ s1*0.69407 ];
     [ s2*0.58208 ];
     [ s4*3.46968 ];
     [ s3*-1.06187 ];

     s1*0.06003;
     s2*0.07215;
     s4*8.64135;
     s3*6.09886;



TECHNICAL 1 OUTPUT


     PARAMETER SPECIFICATION FOR WITHIN


           NU
              LH1_T01       LH1_T02       LH1_T03       LH1_T04       LH1_T05
              ________      ________      ________      ________      ________
                    0             0             0             0             0


           NU
              LH1_T06       LH1_T07       LH2_T01       LH2_T02       LH2_T03
              ________      ________      ________      ________      ________
                    0             0             0             0             0


           NU
              LH2_T04       LH2_T05       LH2_T06       LH2_T07       LH1_T00
              ________      ________      ________      ________      ________
                    0             0             0             0             0


           NU
              LH2_T00
              ________
                    0


           LAMBDA
              LH1_T01       LH1_T02       LH1_T03       LH1_T04       LH1_T05
              ________      ________      ________      ________      ________
 LH1_T01            0             0             0             0             0
 LH1_T02            0             0             0             0             0
 LH1_T03            0             0             0             0             0
 LH1_T04            0             0             0             0             0
 LH1_T05            0             0             0             0             0
 LH1_T06            0             0             0             0             0
 LH1_T07            0             0             0             0             0
 LH2_T01            0             0             0             0             0
 LH2_T02            0             0             0             0             0
 LH2_T03            0             0             0             0             0
 LH2_T04            0             0             0             0             0
 LH2_T05            0             0             0             0             0
 LH2_T06            0             0             0             0             0
 LH2_T07            0             0             0             0             0
 LH1_T00            0             0             0             0             0
 LH2_T00            0             0             0             0             0


           LAMBDA
              LH1_T06       LH1_T07       LH2_T01       LH2_T02       LH2_T03
              ________      ________      ________      ________      ________
 LH1_T01            0             0             0             0             0
 LH1_T02            0             0             0             0             0
 LH1_T03            0             0             0             0             0
 LH1_T04            0             0             0             0             0
 LH1_T05            0             0             0             0             0
 LH1_T06            0             0             0             0             0
 LH1_T07            0             0             0             0             0
 LH2_T01            0             0             0             0             0
 LH2_T02            0             0             0             0             0
 LH2_T03            0             0             0             0             0
 LH2_T04            0             0             0             0             0
 LH2_T05            0             0             0             0             0
 LH2_T06            0             0             0             0             0
 LH2_T07            0             0             0             0             0
 LH1_T00            0             0             0             0             0
 LH2_T00            0             0             0             0             0


           LAMBDA
              LH2_T04       LH2_T05       LH2_T06       LH2_T07       LH1_T00
              ________      ________      ________      ________      ________
 LH1_T01            0             0             0             0             0
 LH1_T02            0             0             0             0             0
 LH1_T03            0             0             0             0             0
 LH1_T04            0             0             0             0             0
 LH1_T05            0             0             0             0             0
 LH1_T06            0             0             0             0             0
 LH1_T07            0             0             0             0             0
 LH2_T01            0             0             0             0             0
 LH2_T02            0             0             0             0             0
 LH2_T03            0             0             0             0             0
 LH2_T04            0             0             0             0             0
 LH2_T05            0             0             0             0             0
 LH2_T06            0             0             0             0             0
 LH2_T07            0             0             0             0             0
 LH1_T00            0             0             0             0             0
 LH2_T00            0             0             0             0             0


           LAMBDA
              LH2_T00
              ________
 LH1_T01            0
 LH1_T02            0
 LH1_T03            0
 LH1_T04            0
 LH1_T05            0
 LH1_T06            0
 LH1_T07            0
 LH2_T01            0
 LH2_T02            0
 LH2_T03            0
 LH2_T04            0
 LH2_T05            0
 LH2_T06            0
 LH2_T07            0
 LH1_T00            0
 LH2_T00            0


           THETA
              LH1_T01       LH1_T02       LH1_T03       LH1_T04       LH1_T05
              ________      ________      ________      ________      ________
 LH1_T01            0
 LH1_T02            0             0
 LH1_T03            0             0             0
 LH1_T04            0             0             0             0
 LH1_T05            0             0             0             0             0
 LH1_T06            0             0             0             0             0
 LH1_T07            0             0             0             0             0
 LH2_T01            0             0             0             0             0
 LH2_T02            0             0             0             0             0
 LH2_T03            0             0             0             0             0
 LH2_T04            0             0             0             0             0
 LH2_T05            0             0             0             0             0
 LH2_T06            0             0             0             0             0
 LH2_T07            0             0             0             0             0
 LH1_T00            0             0             0             0             0
 LH2_T00            0             0             0             0             0


           THETA
              LH1_T06       LH1_T07       LH2_T01       LH2_T02       LH2_T03
              ________      ________      ________      ________      ________
 LH1_T06            0
 LH1_T07            0             0
 LH2_T01            0             0             0
 LH2_T02            0             0             0             0
 LH2_T03            0             0             0             0             0
 LH2_T04            0             0             0             0             0
 LH2_T05            0             0             0             0             0
 LH2_T06            0             0             0             0             0
 LH2_T07            0             0             0             0             0
 LH1_T00            0             0             0             0             0
 LH2_T00            0             0             0             0             0


           THETA
              LH2_T04       LH2_T05       LH2_T06       LH2_T07       LH1_T00
              ________      ________      ________      ________      ________
 LH2_T04            0
 LH2_T05            0             0
 LH2_T06            0             0             0
 LH2_T07            0             0             0             0
 LH1_T00            0             0             0             0             0
 LH2_T00            0             0             0             0             0


           THETA
              LH2_T00
              ________
 LH2_T00            0


           ALPHA
              LH1_T01       LH1_T02       LH1_T03       LH1_T04       LH1_T05
              ________      ________      ________      ________      ________
                    1             2             3             4             5


           ALPHA
              LH1_T06       LH1_T07       LH2_T01       LH2_T02       LH2_T03
              ________      ________      ________      ________      ________
                    6             7             8             9            10


           ALPHA
              LH2_T04       LH2_T05       LH2_T06       LH2_T07       LH1_T00
              ________      ________      ________      ________      ________
                   11            12            13            14             0


           ALPHA
              LH2_T00
              ________
                    0


           BETA
              LH1_T01       LH1_T02       LH1_T03       LH1_T04       LH1_T05
              ________      ________      ________      ________      ________
 LH1_T01            0             0             0             0             0
 LH1_T02            0             0             0             0             0
 LH1_T03            0             0             0             0             0
 LH1_T04            0             0             0             0             0
 LH1_T05            0             0             0             0             0
 LH1_T06            0             0             0             0             0
 LH1_T07            0             0             0             0             0
 LH2_T01            0             0             0             0             0
 LH2_T02            0             0             0             0             0
 LH2_T03            0             0             0             0             0
 LH2_T04            0             0             0             0             0
 LH2_T05            0             0             0             0             0
 LH2_T06            0             0             0             0             0
 LH2_T07            0             0             0             0             0
 LH1_T00            0             0             0             0             0
 LH2_T00            0             0             0             0             0


           BETA
              LH1_T06       LH1_T07       LH2_T01       LH2_T02       LH2_T03
              ________      ________      ________      ________      ________
 LH1_T01            0             0             0             0             0
 LH1_T02            0             0             0             0             0
 LH1_T03            0             0             0             0             0
 LH1_T04            0             0             0             0             0
 LH1_T05            0             0             0             0             0
 LH1_T06            0             0             0             0             0
 LH1_T07            0             0             0             0             0
 LH2_T01            0             0             0             0             0
 LH2_T02            0             0             0             0             0
 LH2_T03            0             0             0             0             0
 LH2_T04            0             0             0             0             0
 LH2_T05            0             0             0             0             0
 LH2_T06            0             0             0             0             0
 LH2_T07            0             0             0             0             0
 LH1_T00            0             0             0             0             0
 LH2_T00            0             0             0             0             0


           BETA
              LH2_T04       LH2_T05       LH2_T06       LH2_T07       LH1_T00
              ________      ________      ________      ________      ________
 LH1_T01            0             0             0             0             0
 LH1_T02            0             0             0             0             0
 LH1_T03            0             0             0             0             0
 LH1_T04            0             0             0             0             0
 LH1_T05            0             0             0             0             0
 LH1_T06            0             0             0             0             0
 LH1_T07            0             0             0             0             0
 LH2_T01            0             0             0             0             0
 LH2_T02            0             0             0             0             0
 LH2_T03            0             0             0             0             0
 LH2_T04            0             0             0             0             0
 LH2_T05            0             0             0             0             0
 LH2_T06            0             0             0             0             0
 LH2_T07            0             0             0             0             0
 LH1_T00            0             0             0             0             0
 LH2_T00            0             0             0             0             0


           BETA
              LH2_T00
              ________
 LH1_T01            0
 LH1_T02            0
 LH1_T03            0
 LH1_T04            0
 LH1_T05            0
 LH1_T06            0
 LH1_T07            0
 LH2_T01            0
 LH2_T02            0
 LH2_T03            0
 LH2_T04            0
 LH2_T05            0
 LH2_T06            0
 LH2_T07            0
 LH1_T00            0
 LH2_T00            0


           PSI
              LH1_T01       LH1_T02       LH1_T03       LH1_T04       LH1_T05
              ________      ________      ________      ________      ________
 LH1_T01           15
 LH1_T02            0            16
 LH1_T03            0             0            17
 LH1_T04            0             0             0            18
 LH1_T05            0             0             0             0            19
 LH1_T06            0             0             0             0             0
 LH1_T07            0             0             0             0             0
 LH2_T01            0             0             0             0             0
 LH2_T02            0             0             0             0             0
 LH2_T03            0             0             0             0             0
 LH2_T04            0             0             0             0             0
 LH2_T05            0             0             0             0             0
 LH2_T06            0             0             0             0             0
 LH2_T07            0             0             0             0             0
 LH1_T00            0             0             0             0             0
 LH2_T00            0             0             0             0             0


           PSI
              LH1_T06       LH1_T07       LH2_T01       LH2_T02       LH2_T03
              ________      ________      ________      ________      ________
 LH1_T06           20
 LH1_T07            0            21
 LH2_T01            0             0            22
 LH2_T02            0             0             0            23
 LH2_T03            0             0             0             0            24
 LH2_T04            0             0             0             0             0
 LH2_T05            0             0             0             0             0
 LH2_T06            0             0             0             0             0
 LH2_T07            0            28             0             0             0
 LH1_T00            0             0             0             0             0
 LH2_T00            0             0             0             0             0


           PSI
              LH2_T04       LH2_T05       LH2_T06       LH2_T07       LH1_T00
              ________      ________      ________      ________      ________
 LH2_T04           25
 LH2_T05            0            26
 LH2_T06            0             0            27
 LH2_T07            0             0             0            29
 LH1_T00            0             0             0             0             0
 LH2_T00            0             0             0             0             0


           PSI
              LH2_T00
              ________
 LH2_T00            0


     PARAMETER SPECIFICATION FOR BETWEEN


           ALPHA
              S1            S2            S4            S3
              ________      ________      ________      ________
                   30            31            32            33


           BETA
              S1            S2            S4            S3
              ________      ________      ________      ________
 S1                 0             0             0             0
 S2                 0             0             0             0
 S4                 0             0             0             0
 S3                 0             0             0             0


           PSI
              S1            S2            S4            S3
              ________      ________      ________      ________
 S1                34
 S2                35            36
 S4                37            38            39
 S3                40            41            42            43


     STARTING VALUES FOR WITHIN


           NU
              LH1_T01       LH1_T02       LH1_T03       LH1_T04       LH1_T05
              ________      ________      ________      ________      ________
                0.000         0.000         0.000         0.000         0.000


           NU
              LH1_T06       LH1_T07       LH2_T01       LH2_T02       LH2_T03
              ________      ________      ________      ________      ________
                0.000         0.000         0.000         0.000         0.000


           NU
              LH2_T04       LH2_T05       LH2_T06       LH2_T07       LH1_T00
              ________      ________      ________      ________      ________
                0.000         0.000         0.000         0.000         0.000


           NU
              LH2_T00
              ________
                0.000


           LAMBDA
              LH1_T01       LH1_T02       LH1_T03       LH1_T04       LH1_T05
              ________      ________      ________      ________      ________
 LH1_T01        1.000         0.000         0.000         0.000         0.000
 LH1_T02        0.000         1.000         0.000         0.000         0.000
 LH1_T03        0.000         0.000         1.000         0.000         0.000
 LH1_T04        0.000         0.000         0.000         1.000         0.000
 LH1_T05        0.000         0.000         0.000         0.000         1.000
 LH1_T06        0.000         0.000         0.000         0.000         0.000
 LH1_T07        0.000         0.000         0.000         0.000         0.000
 LH2_T01        0.000         0.000         0.000         0.000         0.000
 LH2_T02        0.000         0.000         0.000         0.000         0.000
 LH2_T03        0.000         0.000         0.000         0.000         0.000
 LH2_T04        0.000         0.000         0.000         0.000         0.000
 LH2_T05        0.000         0.000         0.000         0.000         0.000
 LH2_T06        0.000         0.000         0.000         0.000         0.000
 LH2_T07        0.000         0.000         0.000         0.000         0.000
 LH1_T00        0.000         0.000         0.000         0.000         0.000
 LH2_T00        0.000         0.000         0.000         0.000         0.000


           LAMBDA
              LH1_T06       LH1_T07       LH2_T01       LH2_T02       LH2_T03
              ________      ________      ________      ________      ________
 LH1_T01        0.000         0.000         0.000         0.000         0.000
 LH1_T02        0.000         0.000         0.000         0.000         0.000
 LH1_T03        0.000         0.000         0.000         0.000         0.000
 LH1_T04        0.000         0.000         0.000         0.000         0.000
 LH1_T05        0.000         0.000         0.000         0.000         0.000
 LH1_T06        1.000         0.000         0.000         0.000         0.000
 LH1_T07        0.000         1.000         0.000         0.000         0.000
 LH2_T01        0.000         0.000         1.000         0.000         0.000
 LH2_T02        0.000         0.000         0.000         1.000         0.000
 LH2_T03        0.000         0.000         0.000         0.000         1.000
 LH2_T04        0.000         0.000         0.000         0.000         0.000
 LH2_T05        0.000         0.000         0.000         0.000         0.000
 LH2_T06        0.000         0.000         0.000         0.000         0.000
 LH2_T07        0.000         0.000         0.000         0.000         0.000
 LH1_T00        0.000         0.000         0.000         0.000         0.000
 LH2_T00        0.000         0.000         0.000         0.000         0.000


           LAMBDA
              LH2_T04       LH2_T05       LH2_T06       LH2_T07       LH1_T00
              ________      ________      ________      ________      ________
 LH1_T01        0.000         0.000         0.000         0.000         0.000
 LH1_T02        0.000         0.000         0.000         0.000         0.000
 LH1_T03        0.000         0.000         0.000         0.000         0.000
 LH1_T04        0.000         0.000         0.000         0.000         0.000
 LH1_T05        0.000         0.000         0.000         0.000         0.000
 LH1_T06        0.000         0.000         0.000         0.000         0.000
 LH1_T07        0.000         0.000         0.000         0.000         0.000
 LH2_T01        0.000         0.000         0.000         0.000         0.000
 LH2_T02        0.000         0.000         0.000         0.000         0.000
 LH2_T03        0.000         0.000         0.000         0.000         0.000
 LH2_T04        1.000         0.000         0.000         0.000         0.000
 LH2_T05        0.000         1.000         0.000         0.000         0.000
 LH2_T06        0.000         0.000         1.000         0.000         0.000
 LH2_T07        0.000         0.000         0.000         1.000         0.000
 LH1_T00        0.000         0.000         0.000         0.000         1.000
 LH2_T00        0.000         0.000         0.000         0.000         0.000


           LAMBDA
              LH2_T00
              ________
 LH1_T01        0.000
 LH1_T02        0.000
 LH1_T03        0.000
 LH1_T04        0.000
 LH1_T05        0.000
 LH1_T06        0.000
 LH1_T07        0.000
 LH2_T01        0.000
 LH2_T02        0.000
 LH2_T03        0.000
 LH2_T04        0.000
 LH2_T05        0.000
 LH2_T06        0.000
 LH2_T07        0.000
 LH1_T00        0.000
 LH2_T00        1.000


           THETA
              LH1_T01       LH1_T02       LH1_T03       LH1_T04       LH1_T05
              ________      ________      ________      ________      ________
 LH1_T01        0.000
 LH1_T02        0.000         0.000
 LH1_T03        0.000         0.000         0.000
 LH1_T04        0.000         0.000         0.000         0.000
 LH1_T05        0.000         0.000         0.000         0.000         0.000
 LH1_T06        0.000         0.000         0.000         0.000         0.000
 LH1_T07        0.000         0.000         0.000         0.000         0.000
 LH2_T01        0.000         0.000         0.000         0.000         0.000
 LH2_T02        0.000         0.000         0.000         0.000         0.000
 LH2_T03        0.000         0.000         0.000         0.000         0.000
 LH2_T04        0.000         0.000         0.000         0.000         0.000
 LH2_T05        0.000         0.000         0.000         0.000         0.000
 LH2_T06        0.000         0.000         0.000         0.000         0.000
 LH2_T07        0.000         0.000         0.000         0.000         0.000
 LH1_T00        0.000         0.000         0.000         0.000         0.000
 LH2_T00        0.000         0.000         0.000         0.000         0.000


           THETA
              LH1_T06       LH1_T07       LH2_T01       LH2_T02       LH2_T03
              ________      ________      ________      ________      ________
 LH1_T06        0.000
 LH1_T07        0.000         0.000
 LH2_T01        0.000         0.000         0.000
 LH2_T02        0.000         0.000         0.000         0.000
 LH2_T03        0.000         0.000         0.000         0.000         0.000
 LH2_T04        0.000         0.000         0.000         0.000         0.000
 LH2_T05        0.000         0.000         0.000         0.000         0.000
 LH2_T06        0.000         0.000         0.000         0.000         0.000
 LH2_T07        0.000         0.000         0.000         0.000         0.000
 LH1_T00        0.000         0.000         0.000         0.000         0.000
 LH2_T00        0.000         0.000         0.000         0.000         0.000


           THETA
              LH2_T04       LH2_T05       LH2_T06       LH2_T07       LH1_T00
              ________      ________      ________      ________      ________
 LH2_T04        0.000
 LH2_T05        0.000         0.000
 LH2_T06        0.000         0.000         0.000
 LH2_T07        0.000         0.000         0.000         0.000
 LH1_T00        0.000         0.000         0.000         0.000         0.000
 LH2_T00        0.000         0.000         0.000         0.000         0.000


           THETA
              LH2_T00
              ________
 LH2_T00        0.000


           ALPHA
              LH1_T01       LH1_T02       LH1_T03       LH1_T04       LH1_T05
              ________      ________      ________      ________      ________
                0.506         0.501         0.494         0.493         0.497


           ALPHA
              LH1_T06       LH1_T07       LH2_T01       LH2_T02       LH2_T03
              ________      ________      ________      ________      ________
                0.500         0.509         0.503         0.502         0.499


           ALPHA
              LH2_T04       LH2_T05       LH2_T06       LH2_T07       LH1_T00
              ________      ________      ________      ________      ________
                0.500         0.503         0.502         0.505         0.000


           ALPHA
              LH2_T00
              ________
                0.000


           BETA
              LH1_T01       LH1_T02       LH1_T03       LH1_T04       LH1_T05
              ________      ________      ________      ________      ________
 LH1_T01        0.000         0.000         0.000         0.000         0.000
 LH1_T02        0.000         0.000         0.000         0.000         0.000
 LH1_T03        0.000         0.000         0.000         0.000         0.000
 LH1_T04        0.000         0.000         0.000         0.000         0.000
 LH1_T05        0.000         0.000         0.000         0.000         0.000
 LH1_T06        0.000         0.000         0.000         0.000         0.000
 LH1_T07        0.000         0.000         0.000         0.000         0.000
 LH2_T01        0.000         0.000         0.000         0.000         0.000
 LH2_T02        0.000         0.000         0.000         0.000         0.000
 LH2_T03        0.000         0.000         0.000         0.000         0.000
 LH2_T04        0.000         0.000         0.000         0.000         0.000
 LH2_T05        0.000         0.000         0.000         0.000         0.000
 LH2_T06        0.000         0.000         0.000         0.000         0.000
 LH2_T07        0.000         0.000         0.000         0.000         0.000
 LH1_T00        0.000         0.000         0.000         0.000         0.000
 LH2_T00        0.000         0.000         0.000         0.000         0.000


           BETA
              LH1_T06       LH1_T07       LH2_T01       LH2_T02       LH2_T03
              ________      ________      ________      ________      ________
 LH1_T01        0.000         0.000         0.000         0.000         0.000
 LH1_T02        0.000         0.000         0.000         0.000         0.000
 LH1_T03        0.000         0.000         0.000         0.000         0.000
 LH1_T04        0.000         0.000         0.000         0.000         0.000
 LH1_T05        0.000         0.000         0.000         0.000         0.000
 LH1_T06        0.000         0.000         0.000         0.000         0.000
 LH1_T07        0.000         0.000         0.000         0.000         0.000
 LH2_T01        0.000         0.000         0.000         0.000         0.000
 LH2_T02        0.000         0.000         0.000         0.000         0.000
 LH2_T03        0.000         0.000         0.000         0.000         0.000
 LH2_T04        0.000         0.000         0.000         0.000         0.000
 LH2_T05        0.000         0.000         0.000         0.000         0.000
 LH2_T06        0.000         0.000         0.000         0.000         0.000
 LH2_T07        0.000         0.000         0.000         0.000         0.000
 LH1_T00        0.000         0.000         0.000         0.000         0.000
 LH2_T00        0.000         0.000         0.000         0.000         0.000


           BETA
              LH2_T04       LH2_T05       LH2_T06       LH2_T07       LH1_T00
              ________      ________      ________      ________      ________
 LH1_T01        0.000         0.000         0.000         0.000         0.000
 LH1_T02        0.000         0.000         0.000         0.000         0.000
 LH1_T03        0.000         0.000         0.000         0.000         0.000
 LH1_T04        0.000         0.000         0.000         0.000         0.000
 LH1_T05        0.000         0.000         0.000         0.000         0.000
 LH1_T06        0.000         0.000         0.000         0.000         0.000
 LH1_T07        0.000         0.000         0.000         0.000         0.000
 LH2_T01        0.000         0.000         0.000         0.000         0.000
 LH2_T02        0.000         0.000         0.000         0.000         0.000
 LH2_T03        0.000         0.000         0.000         0.000         0.000
 LH2_T04        0.000         0.000         0.000         0.000         0.000
 LH2_T05        0.000         0.000         0.000         0.000         0.000
 LH2_T06        0.000         0.000         0.000         0.000         0.000
 LH2_T07        0.000         0.000         0.000         0.000         0.000
 LH1_T00        0.000         0.000         0.000         0.000         0.000
 LH2_T00        0.000         0.000         0.000         0.000         0.000


           BETA
              LH2_T00
              ________
 LH1_T01        0.000
 LH1_T02        0.000
 LH1_T03        0.000
 LH1_T04        0.000
 LH1_T05        0.000
 LH1_T06        0.000
 LH1_T07        0.000
 LH2_T01        0.000
 LH2_T02        0.000
 LH2_T03        0.000
 LH2_T04        0.000
 LH2_T05        0.000
 LH2_T06        0.000
 LH2_T07        0.000
 LH1_T00        0.000
 LH2_T00        0.000


           PSI
              LH1_T01       LH1_T02       LH1_T03       LH1_T04       LH1_T05
              ________      ________      ________      ________      ________
 LH1_T01        0.019
 LH1_T02        0.000         0.019
 LH1_T03        0.000         0.000         0.019
 LH1_T04        0.000         0.000         0.000         0.020
 LH1_T05        0.000         0.000         0.000         0.000         0.020
 LH1_T06        0.000         0.000         0.000         0.000         0.000
 LH1_T07        0.000         0.000         0.000         0.000         0.000
 LH2_T01        0.000         0.000         0.000         0.000         0.000
 LH2_T02        0.000         0.000         0.000         0.000         0.000
 LH2_T03        0.000         0.000         0.000         0.000         0.000
 LH2_T04        0.000         0.000         0.000         0.000         0.000
 LH2_T05        0.000         0.000         0.000         0.000         0.000
 LH2_T06        0.000         0.000         0.000         0.000         0.000
 LH2_T07        0.000         0.000         0.000         0.000         0.000
 LH1_T00        0.000         0.000         0.000         0.000         0.000
 LH2_T00        0.000         0.000         0.000         0.000         0.000


           PSI
              LH1_T06       LH1_T07       LH2_T01       LH2_T02       LH2_T03
              ________      ________      ________      ________      ________
 LH1_T06        0.019
 LH1_T07        0.000         0.019
 LH2_T01        0.000         0.000         0.019
 LH2_T02        0.000         0.000         0.000         0.019
 LH2_T03        0.000         0.000         0.000         0.000         0.019
 LH2_T04        0.000         0.000         0.000         0.000         0.000
 LH2_T05        0.000         0.000         0.000         0.000         0.000
 LH2_T06        0.000         0.000         0.000         0.000         0.000
 LH2_T07        0.000         0.000         0.000         0.000         0.000
 LH1_T00        0.000         0.000         0.000         0.000         0.000
 LH2_T00        0.000         0.000         0.000         0.000         0.000


           PSI
              LH2_T04       LH2_T05       LH2_T06       LH2_T07       LH1_T00
              ________      ________      ________      ________      ________
 LH2_T04        0.019
 LH2_T05        0.000         0.019
 LH2_T06        0.000         0.000         0.019
 LH2_T07        0.000         0.000         0.000         0.019
 LH1_T00        0.000         0.000         0.000         0.000         0.019
 LH2_T00        0.000         0.000         0.000         0.000         0.000


           PSI
              LH2_T00
              ________
 LH2_T00        0.019


     STARTING VALUES FOR BETWEEN


           ALPHA
              S1            S2            S4            S3
              ________      ________      ________      ________
                0.000         0.000         0.000         0.000


           BETA
              S1            S2            S4            S3
              ________      ________      ________      ________
 S1             0.000         0.000         0.000         0.000
 S2             0.000         0.000         0.000         0.000
 S4             0.000         0.000         0.000         0.000
 S3             0.000         0.000         0.000         0.000


           PSI
              S1            S2            S4            S3
              ________      ________      ________      ________
 S1             1.000
 S2             0.000         1.000
 S4             0.000         0.000         1.000
 S3             0.000         0.000         0.000         1.000



     PRIORS FOR ALL PARAMETERS            PRIOR MEAN      PRIOR VARIANCE     PRIOR STD. DEV.

     Parameter 1~N(0.000,infinity)           0.0000            infinity            infinity
     Parameter 2~N(0.000,infinity)           0.0000            infinity            infinity
     Parameter 3~N(0.000,infinity)           0.0000            infinity            infinity
     Parameter 4~N(0.000,infinity)           0.0000            infinity            infinity
     Parameter 5~N(0.000,infinity)           0.0000            infinity            infinity
     Parameter 6~N(0.000,infinity)           0.0000            infinity            infinity
     Parameter 7~N(0.000,infinity)           0.0000            infinity            infinity
     Parameter 8~N(0.000,infinity)           0.0000            infinity            infinity
     Parameter 9~N(0.000,infinity)           0.0000            infinity            infinity
     Parameter 10~N(0.000,infinity)          0.0000            infinity            infinity
     Parameter 11~N(0.000,infinity)          0.0000            infinity            infinity
     Parameter 12~N(0.000,infinity)          0.0000            infinity            infinity
     Parameter 13~N(0.000,infinity)          0.0000            infinity            infinity
     Parameter 14~N(0.000,infinity)          0.0000            infinity            infinity
     Parameter 15~IG(-1.000,0.000)         infinity            infinity            infinity
     Parameter 16~IG(-1.000,0.000)         infinity            infinity            infinity
     Parameter 17~IG(-1.000,0.000)         infinity            infinity            infinity
     Parameter 18~IG(-1.000,0.000)         infinity            infinity            infinity
     Parameter 19~IG(-1.000,0.000)         infinity            infinity            infinity
     Parameter 20~IG(-1.000,0.000)         infinity            infinity            infinity
     Parameter 21~IW(0.000,-3)             infinity            infinity            infinity
     Parameter 22~IG(-1.000,0.000)         infinity            infinity            infinity
     Parameter 23~IG(-1.000,0.000)         infinity            infinity            infinity
     Parameter 24~IG(-1.000,0.000)         infinity            infinity            infinity
     Parameter 25~IG(-1.000,0.000)         infinity            infinity            infinity
     Parameter 26~IG(-1.000,0.000)         infinity            infinity            infinity
     Parameter 27~IG(-1.000,0.000)         infinity            infinity            infinity
     Parameter 28~IW(0.000,-3)             infinity            infinity            infinity
     Parameter 29~IW(0.000,-3)             infinity            infinity            infinity
     Parameter 30~N(0.000,infinity)          0.0000            infinity            infinity
     Parameter 31~N(0.000,infinity)          0.0000            infinity            infinity
     Parameter 32~N(0.000,infinity)          0.0000            infinity            infinity
     Parameter 33~N(0.000,infinity)          0.0000            infinity            infinity
     Parameter 34~IW(0.000,-5)             infinity            infinity            infinity
     Parameter 35~IW(0.000,-5)             infinity            infinity            infinity
     Parameter 36~IW(0.000,-5)             infinity            infinity            infinity
     Parameter 37~IW(0.000,-5)             infinity            infinity            infinity
     Parameter 38~IW(0.000,-5)             infinity            infinity            infinity
     Parameter 39~IW(0.000,-5)             infinity            infinity            infinity
     Parameter 40~IW(0.000,-5)             infinity            infinity            infinity
     Parameter 41~IW(0.000,-5)             infinity            infinity            infinity
     Parameter 42~IW(0.000,-5)             infinity            infinity            infinity
     Parameter 43~IW(0.000,-5)             infinity            infinity            infinity


TECHNICAL 8 OUTPUT


   TECHNICAL 8 OUTPUT FOR BAYES ESTIMATION

     CHAIN    BSEED
     1        0
     2        285380

                     POTENTIAL       PARAMETER WITH
     ITERATION    SCALE REDUCTION      HIGHEST PSR


     Beginning Time:  12:25:38
        Ending Time:  12:25:58
       Elapsed Time:  00:00:20



MUTHEN & MUTHEN
3463 Stoner Ave.
Los Angeles, CA  90066

Tel: (310) 391-9971
Fax: (310) 391-8971
Web: www.StatModel.com
Support: Support@StatModel.com

Copyright (c) 1998-2018 Muthen & Muthen
