Mplus VERSION 8.2 (Mac)
MUTHEN & MUTHEN
04/30/2019   5:16 PM

INPUT INSTRUCTIONS

  TITLE: rslope
  DATA: FILE = "fb_l_superwide.dat";
  VARIABLE:
  NAMES = id trial lh1_t00 lh1_t01 lh1_t02 lh1_t03 lh1_t04 lh1_t05 lh1_t06 lh1_t07
       lh1_t08 lh1_t09 lh1_t10 lh10_t00 lh10_t01 lh10_t02 lh10_t03 lh10_t04 lh10_t05
       lh10_t06 lh10_t07 lh10_t08 lh10_t09 lh10_t10 lh11_t00 lh11_t01 lh11_t02
       lh11_t03 lh11_t04 lh11_t05 lh11_t06 lh11_t07 lh11_t08 lh11_t09 lh11_t10
       lh12_t00 lh12_t01 lh12_t02 lh12_t03 lh12_t04 lh12_t05 lh12_t06 lh12_t07
       lh12_t08 lh12_t09 lh12_t10 lh2_t00 lh2_t01 lh2_t02 lh2_t03 lh2_t04 lh2_t05
       lh2_t06 lh2_t07 lh2_t08 lh2_t09 lh2_t10 lh3_t00 lh3_t01 lh3_t02 lh3_t03 lh3_t04
       lh3_t05 lh3_t06 lh3_t07 lh3_t08 lh3_t09 lh3_t10 lh4_t00 lh4_t01 lh4_t02 lh4_t03
       lh4_t04 lh4_t05 lh4_t06 lh4_t07 lh4_t08 lh4_t09 lh4_t10 lh5_t00 lh5_t01 lh5_t02
       lh5_t03 lh5_t04 lh5_t05 lh5_t06 lh5_t07 lh5_t08 lh5_t09 lh5_t10 lh6_t00 lh6_t01
       lh6_t02 lh6_t03 lh6_t04 lh6_t05 lh6_t06 lh6_t07 lh6_t08 lh6_t09 lh6_t10 lh7_t00
       lh7_t01 lh7_t02 lh7_t03 lh7_t04 lh7_t05 lh7_t06 lh7_t07 lh7_t08 lh7_t09 lh7_t10
       lh8_t00 lh8_t01 lh8_t02 lh8_t03 lh8_t04 lh8_t05 lh8_t06 lh8_t07 lh8_t08 lh8_t09
       lh8_t10 lh9_t00 lh9_t01 lh9_t02 lh9_t03 lh9_t04 lh9_t05 lh9_t06 lh9_t07 lh9_t08
       lh9_t09 lh9_t10;

  MISSING=.;
  CLUSTER = id;
  USEVARIABLES ARE id lh1_t00-lh1_t04
     lh2_t00-lh2_t04;
     !lh3_t00-lh3_t04;

  WITHIN = lh1_t00-lh1_t04
     lh2_t00-lh2_t04;

  !mplus doesn't allow equalities on random slopes for time series
  !LAGGED = lh1_t00-lh1_t04
  !   lh2_t00-lh2_t04 (1);

  ANALYSIS: TYPE = TWOLEVEL RANDOM;
     ESTIMATOR=BAYES;
     PROCESSORS=10;
     BITERATIONS=(1000);
     !ALGORITHM=GIBBS(RW);

  MODEL:

  %WITHIN%

  !temporal autoregression
  s1 | lh1_t04 ON lh1_t03;
  s1 | lh1_t03 ON lh1_t02;
  s1 | lh1_t02 ON lh1_t01;
  s1 | lh1_t01 ON lh1_t00;

  !cross-path
  s2 | lh1_t04 ON lh2_t03;
  s2 | lh1_t03 ON lh2_t02;
  s2 | lh1_t02 ON lh2_t01;
  s2 | lh1_t01 ON lh2_t00;

  !temporal autoregression
  s4 | lh2_t04 ON lh2_t03;
  s4 | lh2_t03 ON lh2_t02;
  s4 | lh2_t02 ON lh2_t01;
  s4 | lh2_t01 ON lh2_t00;

  !cross-path
  s3 | lh2_t04 ON lh1_t03;
  s3 | lh2_t03 ON lh1_t02;
  s3 | lh2_t02 ON lh1_t01;
  s3 | lh2_t01 ON lh1_t00;

  !prior trial effects
  !s5 | lh1_t04 ON lh1_t04&1;
  !s5 | lh1_t03 ON lh1_t03&1;
  !s5 | lh1_t02 ON lh1_t02&1;
  !s5 | lh1_t01 ON lh1_t01&1;
  !s5 | lh1_t00 ON lh1_t00&1;

  !s6 | lh2_t04 ON lh2_t04&1;
  !s6 | lh2_t03 ON lh2_t03&1;
  !s6 | lh2_t02 ON lh2_t02&1;
  !s6 | lh2_t01 ON lh2_t01&1;
  !s6 | lh2_t00 ON lh2_t00&1;

  !lh1_t00-lh1_t04;
  !lh2_t00-lh2_t04;


  %BETWEEN%

  s1 s2 s3 s4 WITH s1 s2 s3 s4;

  !lh1_t00-lh1_t04;
  !lh2_t00-lh2_t04;


  OUTPUT: TECH1 TECH8; ! STANDARDIZED;



*** WARNING in ANALYSIS command
  For ESTIMATOR=BAYES, the actual number of PROCESSORS used is equal to the number
  of MCMC chains.  One processor will be used for each MCMC chain.
*** WARNING in MODEL command
  Variable on the left-hand side of an ON statement in a | statement is a
  WITHIN variable.  The intercept for this variable is not random.
  Variable:  LH1_T04
*** WARNING in MODEL command
  Variable on the left-hand side of an ON statement in a | statement is a
  WITHIN variable.  The intercept for this variable is not random.
  Variable:  LH1_T03
*** WARNING in MODEL command
  Variable on the left-hand side of an ON statement in a | statement is a
  WITHIN variable.  The intercept for this variable is not random.
  Variable:  LH1_T02
*** WARNING in MODEL command
  Variable on the left-hand side of an ON statement in a | statement is a
  WITHIN variable.  The intercept for this variable is not random.
  Variable:  LH1_T01
*** WARNING in MODEL command
  Variable on the left-hand side of an ON statement in a | statement is a
  WITHIN variable.  The intercept for this variable is not random.
  Variable:  LH2_T04
*** WARNING in MODEL command
  Variable on the left-hand side of an ON statement in a | statement is a
  WITHIN variable.  The intercept for this variable is not random.
  Variable:  LH2_T03
*** WARNING in MODEL command
  Variable on the left-hand side of an ON statement in a | statement is a
  WITHIN variable.  The intercept for this variable is not random.
  Variable:  LH2_T02
*** WARNING in MODEL command
  Variable on the left-hand side of an ON statement in a | statement is a
  WITHIN variable.  The intercept for this variable is not random.
  Variable:  LH2_T01
*** WARNING
  Data set contains cases with missing on all variables.
  These cases were not included in the analysis.
  Number of cases with missing on all variables:  2
*** WARNING
  Data set contains cases with missing on all variables except
  x-variables.  These cases were not included in the analysis.
  Number of cases with missing on all variables except x-variables:  9632
  11 WARNING(S) FOUND IN THE INPUT INSTRUCTIONS



rslope

SUMMARY OF ANALYSIS

Number of groups                                                 1
Number of observations                                       18103

Number of dependent variables                                    8
Number of independent variables                                  2
Number of continuous latent variables                            4

Observed dependent variables

  Continuous
   LH1_T01     LH1_T02     LH1_T03     LH1_T04     LH2_T01     LH2_T02
   LH2_T03     LH2_T04

Observed independent variables
   LH1_T00     LH2_T00

Continuous latent variables
   S1          S2          S4          S3

Variables with special functions

  Cluster variable      ID

  Within variables
   LH1_T00     LH1_T01     LH1_T02     LH1_T03     LH1_T04     LH2_T00
   LH2_T01     LH2_T02     LH2_T03     LH2_T04


Estimator                                                    BAYES
Specifications for Bayesian Estimation
  Point estimate                                            MEDIAN
  Number of Markov chain Monte Carlo (MCMC) chains               2
  Random seed for the first chain                                0
  Starting value information                           UNPERTURBED
  Algorithm used for Markov chain Monte Carlo           GIBBS(PX1)
  Convergence criterion                                  0.500D-01
  Maximum number of iterations                               50000
  K-th iteration used for thinning                               1

Input data file(s)
  fb_l_superwide.dat
Input data format  FREE


SUMMARY OF DATA

     Number of clusters                         71

       Size (s)    Cluster ID with Size s

        164        10711
        195        10637 11324 11336
        196        11343
        227        10717
        229        11256
        252        11323
        260        11325 11311 10822 11345
        261        10997 11162 11178 11216 11228 11243 11250 11252 11253
                   11255 10638 11258 11262 11263 11265 11274 11275 11277
                   11278 11279 11280 11281 11287 11288 11298 11302 11304
                   11305 11310 10873 11313 11314 11315 11316 11317 11318
                   11319 11321 11322 10767 10811 11326 11328 11329 11331
                   11335 10814 11337 11338 11342 10891 11344 10895 11346
                   11350 11353 11366
        265        11229
        268        10772



COVARIANCE COVERAGE OF DATA

Minimum covariance coverage value   0.100

     Number of missing data patterns             4


     PROPORTION OF DATA PRESENT


           Covariance Coverage
              LH1_T01       LH1_T02       LH1_T03       LH1_T04       LH2_T01
              ________      ________      ________      ________      ________
 LH1_T01        1.000
 LH1_T02        0.719         0.719
 LH1_T03        0.551         0.551         0.551
 LH1_T04        0.428         0.428         0.428         0.428
 LH2_T01        1.000         0.719         0.551         0.428         1.000
 LH2_T02        0.719         0.719         0.551         0.428         0.719
 LH2_T03        0.551         0.551         0.551         0.428         0.551
 LH2_T04        0.428         0.428         0.428         0.428         0.428
 LH1_T00        1.000         0.719         0.551         0.428         1.000
 LH2_T00        1.000         0.719         0.551         0.428         1.000


           Covariance Coverage
              LH2_T02       LH2_T03       LH2_T04       LH1_T00       LH2_T00
              ________      ________      ________      ________      ________
 LH2_T02        0.719
 LH2_T03        0.551         0.551
 LH2_T04        0.428         0.428         0.428
 LH1_T00        0.719         0.551         0.428         1.000
 LH2_T00        0.719         0.551         0.428         1.000         1.000



UNIVARIATE SAMPLE STATISTICS


     UNIVARIATE HIGHER-ORDER MOMENT DESCRIPTIVE STATISTICS

         Variable/         Mean/     Skewness/   Minimum/ % with                Percentiles
        Sample Size      Variance    Kurtosis    Maximum  Min/Max      20%/60%    40%/80%    Median

     LH1_T01               0.506      -0.034       0.009    0.01%       0.324      0.451      0.507
           18103.000       0.038      -0.733       0.992    0.01%       0.563      0.690
     LH1_T02               0.501      -0.014       0.014    0.01%       0.321      0.447      0.503
           13020.000       0.038      -0.707       0.981    0.01%       0.556      0.680
     LH1_T03               0.494       0.013       0.017    0.01%       0.314      0.437      0.493
            9971.000       0.038      -0.717       0.986    0.01%       0.547      0.677
     LH1_T04               0.493       0.008       0.002    0.01%       0.307      0.433      0.492
            7743.000       0.039      -0.768       0.996    0.01%       0.553      0.678
     LH2_T01               0.503      -0.019       0.018    0.01%       0.321      0.447      0.504
           18103.000       0.038      -0.745       0.990    0.01%       0.560      0.686
     LH2_T02               0.502      -0.006       0.013    0.01%       0.323      0.444      0.502
           13020.000       0.038      -0.743       0.992    0.01%       0.560      0.682
     LH2_T03               0.499      -0.010       0.014    0.01%       0.318      0.440      0.501
            9971.000       0.038      -0.747       0.974    0.01%       0.555      0.683
     LH2_T04               0.500      -0.016       0.007    0.01%       0.316      0.444      0.500
            7743.000       0.038      -0.741       0.997    0.01%       0.558      0.681
     LH1_T00               0.506      -0.032       0.003    0.01%       0.322      0.451      0.507
           18103.000       0.039      -0.729       0.984    0.01%       0.565      0.688
     LH2_T00               0.502      -0.013       0.014    0.01%       0.320      0.445      0.502
           18103.000       0.038      -0.737       0.979    0.01%       0.558      0.685


THE MODEL ESTIMATION TERMINATED NORMALLY

     USE THE FBITERATIONS OPTION TO INCREASE THE NUMBER OF ITERATIONS BY A FACTOR
     OF AT LEAST TWO TO CHECK CONVERGENCE AND THAT THE PSR VALUE DOES NOT INCREASE.



MODEL FIT INFORMATION

Number of Free Parameters                              31

Information Criteria

          Deviance (DIC)                        24696.661
          Estimated Number of Parameters (pD)    3198.996



MODEL RESULTS

                                Posterior  One-Tailed         95% C.I.
                    Estimate       S.D.      P-Value   Lower 2.5%  Upper 2.5%  Significance

Within Level

 LH2_T04  WITH
    LH1_T04            5.573       0.337      0.000       4.966       6.305      *

 Intercepts
    LH1_T01            0.034       0.003      0.000       0.028       0.041      *
    LH1_T02            0.311       0.012      0.000       0.289       0.336      *
    LH1_T03            0.658       0.027      0.000       0.604       0.710      *
    LH1_T04            1.207       0.062      0.000       1.097       1.337      *
    LH2_T01           -0.168       0.007      0.000      -0.183      -0.156      *
    LH2_T02           -0.040       0.008      0.000      -0.055      -0.025      *
    LH2_T03           -0.048       0.016      0.004      -0.081      -0.017      *
    LH2_T04            2.030       0.060      0.000       1.910       2.157      *

 Residual Variances
    LH1_T01            0.010       0.000      0.000       0.010       0.010      *
    LH1_T02            0.328       0.026      0.000       0.283       0.387      *
    LH1_T03            1.052       0.077      0.000       0.908       1.204      *
    LH1_T04            3.329       0.312      0.000       2.809       4.045      *
    LH2_T01            0.020       0.001      0.000       0.018       0.021      *
    LH2_T02            0.090       0.004      0.000       0.083       0.099      *
    LH2_T03            0.072       0.010      0.000       0.054       0.094      *
    LH2_T04           10.508       0.474      0.000       9.613      11.563      *

Between Level

 S1       WITH
    S2                -0.022       0.006      0.000      -0.036      -0.012      *
    S3                -0.007       0.004      0.044      -0.016       0.001
    S4                -0.003       0.005      0.224      -0.013       0.005

 S2       WITH
    S3                 0.007       0.004      0.023       0.000       0.014      *
    S4                 0.002       0.004      0.311      -0.005       0.009

 S3       WITH
    S4                -0.008       0.004      0.000      -0.018      -0.004      *

 Means
    S1                 0.746       0.034      0.000       0.678       0.810      *
    S2                 0.189       0.029      0.000       0.130       0.247      *
    S4                 0.685       0.024      0.000       0.637       0.730      *
    S3                 0.651       0.026      0.000       0.604       0.700      *

 Variances
    S1                 0.026       0.007      0.000       0.015       0.043      *
    S2                 0.018       0.005      0.000       0.010       0.031      *
    S4                 0.011       0.006      0.000       0.005       0.026      *
    S3                 0.011       0.004      0.000       0.006       0.020      *


TECHNICAL 1 OUTPUT


     PARAMETER SPECIFICATION FOR WITHIN


           NU
              LH1_T01       LH1_T02       LH1_T03       LH1_T04       LH2_T01
              ________      ________      ________      ________      ________
                    0             0             0             0             0


           NU
              LH2_T02       LH2_T03       LH2_T04       LH1_T00       LH2_T00
              ________      ________      ________      ________      ________
                    0             0             0             0             0


           LAMBDA
              LH1_T01       LH1_T02       LH1_T03       LH1_T04       LH2_T01
              ________      ________      ________      ________      ________
 LH1_T01            0             0             0             0             0
 LH1_T02            0             0             0             0             0
 LH1_T03            0             0             0             0             0
 LH1_T04            0             0             0             0             0
 LH2_T01            0             0             0             0             0
 LH2_T02            0             0             0             0             0
 LH2_T03            0             0             0             0             0
 LH2_T04            0             0             0             0             0
 LH1_T00            0             0             0             0             0
 LH2_T00            0             0             0             0             0


           LAMBDA
              LH2_T02       LH2_T03       LH2_T04       LH1_T00       LH2_T00
              ________      ________      ________      ________      ________
 LH1_T01            0             0             0             0             0
 LH1_T02            0             0             0             0             0
 LH1_T03            0             0             0             0             0
 LH1_T04            0             0             0             0             0
 LH2_T01            0             0             0             0             0
 LH2_T02            0             0             0             0             0
 LH2_T03            0             0             0             0             0
 LH2_T04            0             0             0             0             0
 LH1_T00            0             0             0             0             0
 LH2_T00            0             0             0             0             0


           THETA
              LH1_T01       LH1_T02       LH1_T03       LH1_T04       LH2_T01
              ________      ________      ________      ________      ________
 LH1_T01            0
 LH1_T02            0             0
 LH1_T03            0             0             0
 LH1_T04            0             0             0             0
 LH2_T01            0             0             0             0             0
 LH2_T02            0             0             0             0             0
 LH2_T03            0             0             0             0             0
 LH2_T04            0             0             0             0             0
 LH1_T00            0             0             0             0             0
 LH2_T00            0             0             0             0             0


           THETA
              LH2_T02       LH2_T03       LH2_T04       LH1_T00       LH2_T00
              ________      ________      ________      ________      ________
 LH2_T02            0
 LH2_T03            0             0
 LH2_T04            0             0             0
 LH1_T00            0             0             0             0
 LH2_T00            0             0             0             0             0


           ALPHA
              LH1_T01       LH1_T02       LH1_T03       LH1_T04       LH2_T01
              ________      ________      ________      ________      ________
                    1             2             3             4             5


           ALPHA
              LH2_T02       LH2_T03       LH2_T04       LH1_T00       LH2_T00
              ________      ________      ________      ________      ________
                    6             7             8             0             0


           BETA
              LH1_T01       LH1_T02       LH1_T03       LH1_T04       LH2_T01
              ________      ________      ________      ________      ________
 LH1_T01            0             0             0             0             0
 LH1_T02            0             0             0             0             0
 LH1_T03            0             0             0             0             0
 LH1_T04            0             0             0             0             0
 LH2_T01            0             0             0             0             0
 LH2_T02            0             0             0             0             0
 LH2_T03            0             0             0             0             0
 LH2_T04            0             0             0             0             0
 LH1_T00            0             0             0             0             0
 LH2_T00            0             0             0             0             0


           BETA
              LH2_T02       LH2_T03       LH2_T04       LH1_T00       LH2_T00
              ________      ________      ________      ________      ________
 LH1_T01            0             0             0             0             0
 LH1_T02            0             0             0             0             0
 LH1_T03            0             0             0             0             0
 LH1_T04            0             0             0             0             0
 LH2_T01            0             0             0             0             0
 LH2_T02            0             0             0             0             0
 LH2_T03            0             0             0             0             0
 LH2_T04            0             0             0             0             0
 LH1_T00            0             0             0             0             0
 LH2_T00            0             0             0             0             0


           PSI
              LH1_T01       LH1_T02       LH1_T03       LH1_T04       LH2_T01
              ________      ________      ________      ________      ________
 LH1_T01            9
 LH1_T02            0            10
 LH1_T03            0             0            11
 LH1_T04            0             0             0            12
 LH2_T01            0             0             0             0            13
 LH2_T02            0             0             0             0             0
 LH2_T03            0             0             0             0             0
 LH2_T04            0             0             0            16             0
 LH1_T00            0             0             0             0             0
 LH2_T00            0             0             0             0             0


           PSI
              LH2_T02       LH2_T03       LH2_T04       LH1_T00       LH2_T00
              ________      ________      ________      ________      ________
 LH2_T02           14
 LH2_T03            0            15
 LH2_T04            0             0            17
 LH1_T00            0             0             0             0
 LH2_T00            0             0             0             0             0


     PARAMETER SPECIFICATION FOR BETWEEN


           ALPHA
              S1            S2            S4            S3
              ________      ________      ________      ________
                   18            19            20            21


           BETA
              S1            S2            S4            S3
              ________      ________      ________      ________
 S1                 0             0             0             0
 S2                 0             0             0             0
 S4                 0             0             0             0
 S3                 0             0             0             0


           PSI
              S1            S2            S4            S3
              ________      ________      ________      ________
 S1                22
 S2                23            24
 S4                25            26            27
 S3                28            29            30            31


     STARTING VALUES FOR WITHIN


           NU
              LH1_T01       LH1_T02       LH1_T03       LH1_T04       LH2_T01
              ________      ________      ________      ________      ________
                0.000         0.000         0.000         0.000         0.000


           NU
              LH2_T02       LH2_T03       LH2_T04       LH1_T00       LH2_T00
              ________      ________      ________      ________      ________
                0.000         0.000         0.000         0.000         0.000


           LAMBDA
              LH1_T01       LH1_T02       LH1_T03       LH1_T04       LH2_T01
              ________      ________      ________      ________      ________
 LH1_T01        1.000         0.000         0.000         0.000         0.000
 LH1_T02        0.000         1.000         0.000         0.000         0.000
 LH1_T03        0.000         0.000         1.000         0.000         0.000
 LH1_T04        0.000         0.000         0.000         1.000         0.000
 LH2_T01        0.000         0.000         0.000         0.000         1.000
 LH2_T02        0.000         0.000         0.000         0.000         0.000
 LH2_T03        0.000         0.000         0.000         0.000         0.000
 LH2_T04        0.000         0.000         0.000         0.000         0.000
 LH1_T00        0.000         0.000         0.000         0.000         0.000
 LH2_T00        0.000         0.000         0.000         0.000         0.000


           LAMBDA
              LH2_T02       LH2_T03       LH2_T04       LH1_T00       LH2_T00
              ________      ________      ________      ________      ________
 LH1_T01        0.000         0.000         0.000         0.000         0.000
 LH1_T02        0.000         0.000         0.000         0.000         0.000
 LH1_T03        0.000         0.000         0.000         0.000         0.000
 LH1_T04        0.000         0.000         0.000         0.000         0.000
 LH2_T01        0.000         0.000         0.000         0.000         0.000
 LH2_T02        1.000         0.000         0.000         0.000         0.000
 LH2_T03        0.000         1.000         0.000         0.000         0.000
 LH2_T04        0.000         0.000         1.000         0.000         0.000
 LH1_T00        0.000         0.000         0.000         1.000         0.000
 LH2_T00        0.000         0.000         0.000         0.000         1.000


           THETA
              LH1_T01       LH1_T02       LH1_T03       LH1_T04       LH2_T01
              ________      ________      ________      ________      ________
 LH1_T01        0.000
 LH1_T02        0.000         0.000
 LH1_T03        0.000         0.000         0.000
 LH1_T04        0.000         0.000         0.000         0.000
 LH2_T01        0.000         0.000         0.000         0.000         0.000
 LH2_T02        0.000         0.000         0.000         0.000         0.000
 LH2_T03        0.000         0.000         0.000         0.000         0.000
 LH2_T04        0.000         0.000         0.000         0.000         0.000
 LH1_T00        0.000         0.000         0.000         0.000         0.000
 LH2_T00        0.000         0.000         0.000         0.000         0.000


           THETA
              LH2_T02       LH2_T03       LH2_T04       LH1_T00       LH2_T00
              ________      ________      ________      ________      ________
 LH2_T02        0.000
 LH2_T03        0.000         0.000
 LH2_T04        0.000         0.000         0.000
 LH1_T00        0.000         0.000         0.000         0.000
 LH2_T00        0.000         0.000         0.000         0.000         0.000


           ALPHA
              LH1_T01       LH1_T02       LH1_T03       LH1_T04       LH2_T01
              ________      ________      ________      ________      ________
                0.506         0.501         0.494         0.493         0.503


           ALPHA
              LH2_T02       LH2_T03       LH2_T04       LH1_T00       LH2_T00
              ________      ________      ________      ________      ________
                0.502         0.499         0.500         0.000         0.000


           BETA
              LH1_T01       LH1_T02       LH1_T03       LH1_T04       LH2_T01
              ________      ________      ________      ________      ________
 LH1_T01        0.000         0.000         0.000         0.000         0.000
 LH1_T02        0.000         0.000         0.000         0.000         0.000
 LH1_T03        0.000         0.000         0.000         0.000         0.000
 LH1_T04        0.000         0.000         0.000         0.000         0.000
 LH2_T01        0.000         0.000         0.000         0.000         0.000
 LH2_T02        0.000         0.000         0.000         0.000         0.000
 LH2_T03        0.000         0.000         0.000         0.000         0.000
 LH2_T04        0.000         0.000         0.000         0.000         0.000
 LH1_T00        0.000         0.000         0.000         0.000         0.000
 LH2_T00        0.000         0.000         0.000         0.000         0.000


           BETA
              LH2_T02       LH2_T03       LH2_T04       LH1_T00       LH2_T00
              ________      ________      ________      ________      ________
 LH1_T01        0.000         0.000         0.000         0.000         0.000
 LH1_T02        0.000         0.000         0.000         0.000         0.000
 LH1_T03        0.000         0.000         0.000         0.000         0.000
 LH1_T04        0.000         0.000         0.000         0.000         0.000
 LH2_T01        0.000         0.000         0.000         0.000         0.000
 LH2_T02        0.000         0.000         0.000         0.000         0.000
 LH2_T03        0.000         0.000         0.000         0.000         0.000
 LH2_T04        0.000         0.000         0.000         0.000         0.000
 LH1_T00        0.000         0.000         0.000         0.000         0.000
 LH2_T00        0.000         0.000         0.000         0.000         0.000


           PSI
              LH1_T01       LH1_T02       LH1_T03       LH1_T04       LH2_T01
              ________      ________      ________      ________      ________
 LH1_T01        0.019
 LH1_T02        0.000         0.019
 LH1_T03        0.000         0.000         0.019
 LH1_T04        0.000         0.000         0.000         0.020
 LH2_T01        0.000         0.000         0.000         0.000         0.019
 LH2_T02        0.000         0.000         0.000         0.000         0.000
 LH2_T03        0.000         0.000         0.000         0.000         0.000
 LH2_T04        0.000         0.000         0.000         0.000         0.000
 LH1_T00        0.000         0.000         0.000         0.000         0.000
 LH2_T00        0.000         0.000         0.000         0.000         0.000


           PSI
              LH2_T02       LH2_T03       LH2_T04       LH1_T00       LH2_T00
              ________      ________      ________      ________      ________
 LH2_T02        0.019
 LH2_T03        0.000         0.019
 LH2_T04        0.000         0.000         0.019
 LH1_T00        0.000         0.000         0.000         0.019
 LH2_T00        0.000         0.000         0.000         0.000         0.019


     STARTING VALUES FOR BETWEEN


           ALPHA
              S1            S2            S4            S3
              ________      ________      ________      ________
                0.000         0.000         0.000         0.000


           BETA
              S1            S2            S4            S3
              ________      ________      ________      ________
 S1             0.000         0.000         0.000         0.000
 S2             0.000         0.000         0.000         0.000
 S4             0.000         0.000         0.000         0.000
 S3             0.000         0.000         0.000         0.000


           PSI
              S1            S2            S4            S3
              ________      ________      ________      ________
 S1             1.000
 S2             0.000         1.000
 S4             0.000         0.000         1.000
 S3             0.000         0.000         0.000         1.000



     PRIORS FOR ALL PARAMETERS            PRIOR MEAN      PRIOR VARIANCE     PRIOR STD. DEV.

     Parameter 1~N(0.000,infinity)           0.0000            infinity            infinity
     Parameter 2~N(0.000,infinity)           0.0000            infinity            infinity
     Parameter 3~N(0.000,infinity)           0.0000            infinity            infinity
     Parameter 4~N(0.000,infinity)           0.0000            infinity            infinity
     Parameter 5~N(0.000,infinity)           0.0000            infinity            infinity
     Parameter 6~N(0.000,infinity)           0.0000            infinity            infinity
     Parameter 7~N(0.000,infinity)           0.0000            infinity            infinity
     Parameter 8~N(0.000,infinity)           0.0000            infinity            infinity
     Parameter 9~IG(-1.000,0.000)          infinity            infinity            infinity
     Parameter 10~IG(-1.000,0.000)         infinity            infinity            infinity
     Parameter 11~IG(-1.000,0.000)         infinity            infinity            infinity
     Parameter 12~IW(0.000,-3)             infinity            infinity            infinity
     Parameter 13~IG(-1.000,0.000)         infinity            infinity            infinity
     Parameter 14~IG(-1.000,0.000)         infinity            infinity            infinity
     Parameter 15~IG(-1.000,0.000)         infinity            infinity            infinity
     Parameter 16~IW(0.000,-3)             infinity            infinity            infinity
     Parameter 17~IW(0.000,-3)             infinity            infinity            infinity
     Parameter 18~N(0.000,infinity)          0.0000            infinity            infinity
     Parameter 19~N(0.000,infinity)          0.0000            infinity            infinity
     Parameter 20~N(0.000,infinity)          0.0000            infinity            infinity
     Parameter 21~N(0.000,infinity)          0.0000            infinity            infinity
     Parameter 22~IW(0.000,-5)             infinity            infinity            infinity
     Parameter 23~IW(0.000,-5)             infinity            infinity            infinity
     Parameter 24~IW(0.000,-5)             infinity            infinity            infinity
     Parameter 25~IW(0.000,-5)             infinity            infinity            infinity
     Parameter 26~IW(0.000,-5)             infinity            infinity            infinity
     Parameter 27~IW(0.000,-5)             infinity            infinity            infinity
     Parameter 28~IW(0.000,-5)             infinity            infinity            infinity
     Parameter 29~IW(0.000,-5)             infinity            infinity            infinity
     Parameter 30~IW(0.000,-5)             infinity            infinity            infinity
     Parameter 31~IW(0.000,-5)             infinity            infinity            infinity


TECHNICAL 8 OUTPUT


   TECHNICAL 8 OUTPUT FOR BAYES ESTIMATION

     CHAIN    BSEED
     1        0
     2        285380

                     POTENTIAL       PARAMETER WITH
     ITERATION    SCALE REDUCTION      HIGHEST PSR
     100              1.129               20
     200              1.814               17
     300              1.523               6
     400              1.585               21
     500              1.150               21
     600              1.014               20
     700              1.098               8
     800              1.161               8
     900              1.147               21
     1000             1.146               17
     1100             1.159               17
     1200             1.180               17
     1300             1.110               17
     1400             1.047               17


     Beginning Time:  17:16:46
        Ending Time:  17:18:20
       Elapsed Time:  00:01:34



MUTHEN & MUTHEN
3463 Stoner Ave.
Los Angeles, CA  90066

Tel: (310) 391-9971
Fax: (310) 391-8971
Web: www.StatModel.com
Support: Support@StatModel.com

Copyright (c) 1998-2018 Muthen & Muthen
